#
# A fatal error has been detected by the Java Runtime Environment:
#
#  SIGSEGV (0xb) at pc=0x000000010207a5f0, pid=10098, tid=9987
#
# JRE version: Java(TM) SE Runtime Environment 18.9 (11.0.16.1+1) (build 11.0.16.1+1-LTS-1)
# Java VM: Java HotSpot(TM) 64-Bit Server VM 18.9 (11.0.16.1+1-LTS-1, mixed mode, tiered, compressed oops, g1 gc, bsd-aarch64)
# Problematic frame:
# V  [libjvm.dylib+0x6365f0]  AccessInternal::PostRuntimeDispatch<G1BarrierSet::AccessBarrier<1097844ull, G1BarrierSet>, (AccessInternal::BarrierType)2, 1097844ull>::oop_access_barrier(void*)+0x8
#
# No core dump will be written. Core dumps have been disabled. To enable core dumping, try "ulimit -c unlimited" before starting Java again
#
# If you would like to submit a bug report, please visit:
#   https://bugreport.java.com/bugreport/crash.jsp
#

---------------  S U M M A R Y ------------

Command Line: -Dfile.encoding=UTF-8 oracle.jdbc.driver.JavaToJavaConverter$201

Host: Mac14,7 arm64 1 MHz, 8 cores, 16G, Darwin 21.5.0
Time: Thu Sep  8 15:51:58 2022 +07 elapsed time: 0.104409 seconds (0d 0h 0m 0s)

---------------  T H R E A D  ---------------

Current thread (0x0000000142008800):  JavaThread "main" [_thread_in_vm, id=9987, stack(0x000000016f3a0000,0x000000016f5a3000)]

Stack: [0x000000016f3a0000,0x000000016f5a3000],  sp=0x000000016f5a2dd0,  free space=2059k
Native frames: (J=compiled Java code, j=interpreted, Vv=VM code, C=native code)
V  [libjvm.dylib+0x6365f0]  AccessInternal::PostRuntimeDispatch<G1BarrierSet::AccessBarrier<1097844ull, G1BarrierSet>, (AccessInternal::BarrierType)2, 1097844ull>::oop_access_barrier(void*)+0x8
V  [libjvm.dylib+0x36e890]  jni_GetStringUTFChars+0x130
C  [libjli.dylib+0x7ea8]  PostJVMInit+0xc4
C  [libjli.dylib+0x59a0]  JavaMain+0xac0
C  [libjli.dylib+0x7b38]  ThreadJavaMain+0xc
C  [libsystem_pthread.dylib+0x726c]  _pthread_start+0x94


siginfo: si_signo: 11 (SIGSEGV), si_code: 2 (SEGV_ACCERR), si_addr: 0x0000000000000000

Register to memory mapping:

 x0=0x0 is NULL
 x1=0x0 is NULL
 x2=0x0 is NULL
 x3={method} {0x0000000123f12058} 'getCanonicalName' '()Ljava/lang/String;' in 'java/lang/Class'
 x4=0x0000000109c72600 is at code_begin+0 in an Interpreter codelet
method entry point (kind = zerolocals)  [0x0000000109c72600, 0x0000000109c729c0]  960 bytes
 x5=0x000000016f5a2cc8 is pointing into the stack for thread: 0x0000000142008800
 x6=0x0000000100000001 is an unknown value
 x7=0x0000000142008800 is a thread
 x8=0x000000010207a5e8: _ZN14AccessInternal19PostRuntimeDispatchIN12G1BarrierSet13AccessBarrierILy1097844ES1_EELNS_11BarrierTypeE2ELy1097844EE18oop_access_barrierEPv+0 in /Library/Java/JavaVirtualMachines/jdk-11.0.16.1.jdk/Contents/Home/lib/server/libjvm.dylib at 0x0000000101a44000
 x9=0x0000000000000008 is an unknown value
x10=0x2010000030300000 is an unknown value
x11=0x0000000000000001 is an unknown value
x12=0x0 is NULL
x13={method} {0x0000000123f12058} 'getCanonicalName' '()Ljava/lang/String;' in 'java/lang/Class'
x14=0x00000001490951a0 points into unknown readable memory: 0x6a4cff2fffff0012 | 12 00 ff ff 2f ff 4c 6a
x15=0x000000010226fff8: _ZN9vmSymbols8_symbolsE+0xc8 in /Library/Java/JavaVirtualMachines/jdk-11.0.16.1.jdk/Contents/Home/lib/server/libjvm.dylib at 0x0000000101a44000
x16=0x00000001812a0f5c: pthread_jit_write_protect_np+0 in /usr/lib/system/libsystem_pthread.dylib at 0x0000000181299000
x17=0x00006000023d0270 points into unknown readable memory: 0x0000000000000000 | 00 00 00 00 00 00 00 00
x18=0x0000000000000fa0 is an unknown value
x19=0x0000000000000001 is an unknown value
x20=0x0000000142008800 is a thread
x21=0x0 is NULL
x22=0x0 is NULL
x23=0x0000000142008b50 points into unknown readable memory: 0x0000000102220c40 | 40 0c 22 02 01 00 00 00
x24=0x0000000142008800 is a thread
x25=0x00006000038d8928 points into unknown readable memory: 0x00000001241d4598 | 98 45 1d 24 01 00 00 00
x26=0x00006000023d0148 points into unknown readable memory: 0x0000000000000000 | 00 00 00 00 00 00 00 00
x27=0x0 is NULL
x28=0x00006000038d8000 points into unknown readable memory: 0x0000003800000003 | 03 00 00 00 38 00 00 00


Registers:
 x0=0x0000000000000000  x1=0x0000000000000000  x2=0x0000000000000000  x3=0x0000000123f12058
 x4=0x0000000109c72600  x5=0x000000016f5a2cc8  x6=0x0000000100000001  x7=0x0000000142008800
 x8=0x000000010207a5e8  x9=0x0000000000000008 x10=0x2010000030300000 x11=0x0000000000000001
x12=0x0000000000000000 x13=0x0000000123f12058 x14=0x00000001490951a0 x15=0x000000010226fff8
x16=0x00000001812a0f5c x17=0x00006000023d0270 x18=0x0000000000000fa0 x19=0x0000000000000001
x20=0x0000000142008800 x21=0x0000000000000000 x22=0x0000000000000000 x23=0x0000000142008b50
x24=0x0000000142008800 x25=0x00006000038d8928 x26=0x00006000023d0148 x27=0x0000000000000000
x28=0x00006000038d8000  fp=0x000000016f5a2dd0  lr=0x0000000101db2890  sp=0x000000016f5a2dd0
pc=0x000000010207a5f0 cpsr=0x0000000040001000
Top of Stack: (sp=0x000000016f5a2dd0)
0x000000016f5a2dd0:   000000016f5a2e60 0000000101db2890
0x000000016f5a2de0:   00006000038d8000 0000000000000000
0x000000016f5a2df0:   0000000151f04e18 0000000142008b50
0x000000016f5a2e00:   000000016f5a2e20 0000000142008800
0x000000016f5a2e10:   0000000000000000 0000000000000001
0x000000016f5a2e20:   000000016f5a2e60 0000000142008800
0x000000016f5a2e30:   0000000151f04e18 0000000142008b50
0x000000016f5a2e40:   0000000151f04e38 0000000151f04e30
0x000000016f5a2e50:   0000000000000000 0000000142008b50
0x000000016f5a2e60:   000000016f5a2ef0 0000000100c2bea8
0x000000016f5a2e70:   0000000151f04e18 0000000142008b50
0x000000016f5a2e80:   000000016f5a2ea0 0000000101b824e4
0x000000016f5a2e90:   0000000142008800 0000000000000001
0x000000016f5a2ea0:   000000016f5a2ef0 705e000101d9d83c
0x000000016f5a2eb0:   000000016f5a2ef0 0000000142008800
0x000000016f5a2ec0:   0000000151f04e18 02a1b486a9bb00db
0x000000016f5a2ed0:   0000000151f04e38 0000000151f04e30
0x000000016f5a2ee0:   0000000000000040 0000000151f04e48
0x000000016f5a2ef0:   000000016f5a2fb0 0000000100c299a0
0x000000016f5a2f00:   0000000000000001 0000000000000001
0x000000016f5a2f10:   0000000151f04e28 0000000000000000
0x000000016f5a2f20:   0000000000000000 0000000000000000
0x000000016f5a2f30:   0000000000000001 0000000142008b50
0x000000016f5a2f40:   0000000102220c38 0000000400010002
0x000000016f5a2f50:   00006000038d8000 0000000000000000
0x000000016f5a2f60:   0000000000000000 0000000000000000
0x000000016f5a2f70:   0000000000000000 0000000000000000
0x000000016f5a2f80:   0000000000000000 0000000000000000
0x000000016f5a2f90:   0000000000000000 0000000000000000
0x000000016f5a2fa0:   0000000000000000 000000016f5a3000
0x000000016f5a2fb0:   000000016f5a2fc0 0000000100c2bb38
0x000000016f5a2fc0:   000000016f5a2fe0 00000001812a026c 

Instructions: (pc=0x000000010207a5f0)
0x000000010207a4f0:   00 00 80 d2 fd 7b c1 a8 c0 03 5f d6 00 00 00 00
0x000000010207a500:   00 00 00 00 00 00 00 00 00 00 00 00 00 00 00 00
0x000000010207a510:   f4 4f be a9 fd 7b 01 a9 fd 43 00 91 f3 03 00 aa
0x000000010207a520:   a8 0e 00 d0 08 01 07 91 08 01 40 39 68 00 00 34
0x000000010207a530:   0a 00 00 94 02 00 00 14 fe 2a ef 97 e1 03 00 aa
0x000000010207a540:   08 0d 00 d0 00 1d 03 f9 e0 03 13 aa fd 7b 41 a9
0x000000010207a550:   f4 4f c2 a8 20 00 1f d6 fd 7b bf a9 fd 03 00 91
0x000000010207a560:   68 0e 00 f0 1f 20 03 d5 08 51 44 f9 08 11 40 b9
0x000000010207a570:   08 05 00 51 1f 0d 00 71 c2 00 00 54 c9 0c 00 b0
0x000000010207a580:   29 81 33 91 20 d9 68 f8 fd 7b c1 a8 c0 03 5f d6
0x000000010207a590:   61 32 44 50 1f 20 03 d5 a3 33 44 10 1f 20 03 d5
0x000000010207a5a0:   00 00 bc 52 e2 1d 80 52 4b de ee 97 4c d5 fb 97
0x000000010207a5b0:   00 00 80 d2 fd 7b c1 a8 c0 03 5f d6 00 00 00 00
0x000000010207a5c0:   fd 7b bf a9 fd 03 00 91 00 00 40 f9 fd 7b c1 a8
0x000000010207a5d0:   c0 03 5f d6 00 00 00 00 00 00 00 00 00 00 00 00
0x000000010207a5e0:   00 00 00 00 00 00 00 00 fd 7b bf a9 fd 03 00 91
0x000000010207a5f0:   00 00 40 f9 fd 7b c1 a8 c0 03 5f d6 00 00 00 00
0x000000010207a600:   00 00 00 00 00 00 00 00 00 00 00 00 00 00 00 00
0x000000010207a610:   fd 7b bf a9 fd 03 00 91 00 00 40 f9 fd 7b c1 a8
0x000000010207a620:   c0 03 5f d6 00 00 00 00 00 00 00 00 00 00 00 00
0x000000010207a630:   00 00 00 00 00 00 00 00 ff 83 00 d1 fd 7b 01 a9
0x000000010207a640:   fd 43 00 91 81 04 00 b4 28 5c 40 f9 bf 39 03 d5
0x000000010207a650:   28 04 00 b4 08 f9 7f 92 09 04 40 f9 20 05 40 f9
0x000000010207a660:   29 36 8f 52 e9 c6 b3 72 09 7d 09 1b ea aa 90 52
0x000000010207a670:   2a e4 af 72 2a 7d aa 9b 4a fd 69 d3 eb 80 80 52
0x000000010207a680:   4a a5 0b 1b 0a 58 6a f8 aa 01 00 b4 4b 01 40 b9
0x000000010207a690:   7f 01 09 6b 81 00 00 54 4b 05 40 f9 7f 01 08 eb
0x000000010207a6a0:   80 00 00 54 4a 0d 40 f9 2a ff ff b5 04 00 00 14
0x000000010207a6b0:   49 11 40 b9 3f 05 00 71 e0 00 00 54 e8 07 00 f9
0x000000010207a6c0:   28 00 80 52 e8 07 00 b9 e1 23 00 91 e2 13 00 91
0x000000010207a6d0:   04 00 00 94 fd 7b 41 a9 ff 83 00 91 c0 03 5f d6
0x000000010207a6e0:   f6 57 bd a9 f4 4f 01 a9 fd 7b 02 a9 fd 83 00 91 


Stack slot to memory mapping:
stack at sp + 0 slots: 0x000000016f5a2e60 is pointing into the stack for thread: 0x0000000142008800
stack at sp + 1 slots: 0x0000000101db2890: jni_GetStringUTFChars+0x130 in /Library/Java/JavaVirtualMachines/jdk-11.0.16.1.jdk/Contents/Home/lib/server/libjvm.dylib at 0x0000000101a44000
stack at sp + 2 slots: 0x00006000038d8000 points into unknown readable memory: 0x0000003800000003 | 03 00 00 00 38 00 00 00
stack at sp + 3 slots: 0x0 is NULL
stack at sp + 4 slots: 0x0000000151f04e18 points into unknown readable memory: 0x00000006cfe592a0 | a0 92 e5 cf 06 00 00 00
stack at sp + 5 slots: 0x0000000142008b50 points into unknown readable memory: 0x0000000102220c40 | 40 0c 22 02 01 00 00 00
stack at sp + 6 slots: 0x000000016f5a2e20 is pointing into the stack for thread: 0x0000000142008800
stack at sp + 7 slots: 0x0000000142008800 is a thread


---------------  P R O C E S S  ---------------

Threads class SMR info:
_java_thread_list=0x0000600002df0660, length=9, elements={
0x0000000142008800, 0x0000000142817800, 0x0000000142149000, 0x0000000142821800,
0x0000000142144800, 0x0000000142145800, 0x000000014214e000, 0x000000014214f000,
0x000000015201e800
}

Java Threads: ( => current thread )
=>0x0000000142008800 JavaThread "main" [_thread_in_vm, id=9987, stack(0x000000016f3a0000,0x000000016f5a3000)]
  0x0000000142817800 JavaThread "Reference Handler" daemon [_thread_blocked, id=19459, stack(0x00000001701f4000,0x00000001703f7000)]
  0x0000000142149000 JavaThread "Finalizer" daemon [_thread_blocked, id=18947, stack(0x0000000170400000,0x0000000170603000)]
  0x0000000142821800 JavaThread "Signal Dispatcher" daemon [_thread_blocked, id=16643, stack(0x00000001707b0000,0x00000001709b3000)]
  0x0000000142144800 JavaThread "Service Thread" daemon [_thread_blocked, id=43267, stack(0x00000001709bc000,0x0000000170bbf000)]
  0x0000000142145800 JavaThread "C2 CompilerThread0" daemon [_thread_in_native, id=42755, stack(0x0000000170bc8000,0x0000000170dcb000)]
  0x000000014214e000 JavaThread "C1 CompilerThread0" daemon [_thread_blocked, id=22531, stack(0x0000000170dd4000,0x0000000170fd7000)]
  0x000000014214f000 JavaThread "Sweeper thread" daemon [_thread_blocked, id=23299, stack(0x0000000170fe0000,0x00000001711e3000)]
  0x000000015201e800 JavaThread "Common-Cleaner" daemon [_thread_blocked, id=24067, stack(0x00000001713f8000,0x00000001715fb000)]

Other Threads:
  0x0000000142146800 VMThread "VM Thread" [stack: 0x000000016ffe8000,0x00000001701eb000] [id=14339]
  0x0000000152016800 WatcherThread [stack: 0x00000001711ec000,0x00000001713ef000] [id=23811]
  0x0000000142015000 GCTaskThread "GC Thread#0" [stack: 0x000000016f5ac000,0x000000016f7af000] [id=11267]
  0x000000014204d800 ConcurrentGCThread "G1 Main Marker" [stack: 0x000000016f7b8000,0x000000016f9bb000] [id=11779]
  0x000000014204e000 ConcurrentGCThread "G1 Conc#0" [stack: 0x000000016f9c4000,0x000000016fbc7000] [id=12291]
  0x00000001420ef000 ConcurrentGCThread "G1 Refine#0" [stack: 0x000000016fbd0000,0x000000016fdd3000] [id=20227]
  0x00000001420ef800 ConcurrentGCThread "G1 Young RemSet Sampling" [stack: 0x000000016fddc000,0x000000016ffdf000] [id=13059]

Threads with active compile tasks:
C2 CompilerThread0      107  411       4       java.util.zip.ZipFile$Source::getEntryPos (206 bytes)

VM state:not at safepoint (normal execution)

VM Mutex/Monitor currently owned by a thread: None

Heap address: 0x00000006c0000000, size: 4096 MB, Compressed Oops mode: Zero based, Oop shift amount: 3
Narrow klass base: 0x0000000800000000, Narrow klass shift: 0
Compressed class space size: 1073741824 Address: 0x0000000800000000

Heap:
 garbage-first heap   total 262144K, used 14336K [0x00000006c0000000, 0x00000007c0000000)
  region size 1024K, 14 young (14336K), 0 survivors (0K)
 Metaspace       used 5317K, capacity 5490K, committed 5632K, reserved 1056768K
  class space    used 439K, capacity 462K, committed 512K, reserved 1048576K
Heap Regions: E=young(eden), S=young(survivor), O=old, HS=humongous(starts), HC=humongous(continues), CS=collection set, F=free, A=archive, TAMS=top-at-mark-start (previous, next)
|   0|0x00000006c0000000, 0x00000006c0100000, 0x00000006c0100000|100%|HS|  |TAMS 0x00000006c0000000, 0x00000006c0000000| Complete 
|   1|0x00000006c0100000, 0x00000006c0200000, 0x00000006c0200000|100%|HS|  |TAMS 0x00000006c0100000, 0x00000006c0100000| Complete 
|   2|0x00000006c0200000, 0x00000006c0200000, 0x00000006c0300000|  0%| F|  |TAMS 0x00000006c0200000, 0x00000006c0200000| Untracked 
|   3|0x00000006c0300000, 0x00000006c0300000, 0x00000006c0400000|  0%| F|  |TAMS 0x00000006c0300000, 0x00000006c0300000| Untracked 
|   4|0x00000006c0400000, 0x00000006c0400000, 0x00000006c0500000|  0%| F|  |TAMS 0x00000006c0400000, 0x00000006c0400000| Untracked 
|   5|0x00000006c0500000, 0x00000006c0500000, 0x00000006c0600000|  0%| F|  |TAMS 0x00000006c0500000, 0x00000006c0500000| Untracked 
|   6|0x00000006c0600000, 0x00000006c0600000, 0x00000006c0700000|  0%| F|  |TAMS 0x00000006c0600000, 0x00000006c0600000| Untracked 
|   7|0x00000006c0700000, 0x00000006c0700000, 0x00000006c0800000|  0%| F|  |TAMS 0x00000006c0700000, 0x00000006c0700000| Untracked 
|   8|0x00000006c0800000, 0x00000006c0800000, 0x00000006c0900000|  0%| F|  |TAMS 0x00000006c0800000, 0x00000006c0800000| Untracked 
|   9|0x00000006c0900000, 0x00000006c0900000, 0x00000006c0a00000|  0%| F|  |TAMS 0x00000006c0900000, 0x00000006c0900000| Untracked 
|  10|0x00000006c0a00000, 0x00000006c0a00000, 0x00000006c0b00000|  0%| F|  |TAMS 0x00000006c0a00000, 0x00000006c0a00000| Untracked 
|  11|0x00000006c0b00000, 0x00000006c0b00000, 0x00000006c0c00000|  0%| F|  |TAMS 0x00000006c0b00000, 0x00000006c0b00000| Untracked 
|  12|0x00000006c0c00000, 0x00000006c0c00000, 0x00000006c0d00000|  0%| F|  |TAMS 0x00000006c0c00000, 0x00000006c0c00000| Untracked 
|  13|0x00000006c0d00000, 0x00000006c0d00000, 0x00000006c0e00000|  0%| F|  |TAMS 0x00000006c0d00000, 0x00000006c0d00000| Untracked 
|  14|0x00000006c0e00000, 0x00000006c0e00000, 0x00000006c0f00000|  0%| F|  |TAMS 0x00000006c0e00000, 0x00000006c0e00000| Untracked 
|  15|0x00000006c0f00000, 0x00000006c0f00000, 0x00000006c1000000|  0%| F|  |TAMS 0x00000006c0f00000, 0x00000006c0f00000| Untracked 
|  16|0x00000006c1000000, 0x00000006c1000000, 0x00000006c1100000|  0%| F|  |TAMS 0x00000006c1000000, 0x00000006c1000000| Untracked 
|  17|0x00000006c1100000, 0x00000006c1100000, 0x00000006c1200000|  0%| F|  |TAMS 0x00000006c1100000, 0x00000006c1100000| Untracked 
|  18|0x00000006c1200000, 0x00000006c1200000, 0x00000006c1300000|  0%| F|  |TAMS 0x00000006c1200000, 0x00000006c1200000| Untracked 
|  19|0x00000006c1300000, 0x00000006c1300000, 0x00000006c1400000|  0%| F|  |TAMS 0x00000006c1300000, 0x00000006c1300000| Untracked 
|  20|0x00000006c1400000, 0x00000006c1400000, 0x00000006c1500000|  0%| F|  |TAMS 0x00000006c1400000, 0x00000006c1400000| Untracked 
|  21|0x00000006c1500000, 0x00000006c1500000, 0x00000006c1600000|  0%| F|  |TAMS 0x00000006c1500000, 0x00000006c1500000| Untracked 
|  22|0x00000006c1600000, 0x00000006c1600000, 0x00000006c1700000|  0%| F|  |TAMS 0x00000006c1600000, 0x00000006c1600000| Untracked 
|  23|0x00000006c1700000, 0x00000006c1700000, 0x00000006c1800000|  0%| F|  |TAMS 0x00000006c1700000, 0x00000006c1700000| Untracked 
|  24|0x00000006c1800000, 0x00000006c1800000, 0x00000006c1900000|  0%| F|  |TAMS 0x00000006c1800000, 0x00000006c1800000| Untracked 
|  25|0x00000006c1900000, 0x00000006c1900000, 0x00000006c1a00000|  0%| F|  |TAMS 0x00000006c1900000, 0x00000006c1900000| Untracked 
|  26|0x00000006c1a00000, 0x00000006c1a00000, 0x00000006c1b00000|  0%| F|  |TAMS 0x00000006c1a00000, 0x00000006c1a00000| Untracked 
|  27|0x00000006c1b00000, 0x00000006c1b00000, 0x00000006c1c00000|  0%| F|  |TAMS 0x00000006c1b00000, 0x00000006c1b00000| Untracked 
|  28|0x00000006c1c00000, 0x00000006c1c00000, 0x00000006c1d00000|  0%| F|  |TAMS 0x00000006c1c00000, 0x00000006c1c00000| Untracked 
|  29|0x00000006c1d00000, 0x00000006c1d00000, 0x00000006c1e00000|  0%| F|  |TAMS 0x00000006c1d00000, 0x00000006c1d00000| Untracked 
|  30|0x00000006c1e00000, 0x00000006c1e00000, 0x00000006c1f00000|  0%| F|  |TAMS 0x00000006c1e00000, 0x00000006c1e00000| Untracked 
|  31|0x00000006c1f00000, 0x00000006c1f00000, 0x00000006c2000000|  0%| F|  |TAMS 0x00000006c1f00000, 0x00000006c1f00000| Untracked 
|  32|0x00000006c2000000, 0x00000006c2000000, 0x00000006c2100000|  0%| F|  |TAMS 0x00000006c2000000, 0x00000006c2000000| Untracked 
|  33|0x00000006c2100000, 0x00000006c2100000, 0x00000006c2200000|  0%| F|  |TAMS 0x00000006c2100000, 0x00000006c2100000| Untracked 
|  34|0x00000006c2200000, 0x00000006c2200000, 0x00000006c2300000|  0%| F|  |TAMS 0x00000006c2200000, 0x00000006c2200000| Untracked 
|  35|0x00000006c2300000, 0x00000006c2300000, 0x00000006c2400000|  0%| F|  |TAMS 0x00000006c2300000, 0x00000006c2300000| Untracked 
|  36|0x00000006c2400000, 0x00000006c2400000, 0x00000006c2500000|  0%| F|  |TAMS 0x00000006c2400000, 0x00000006c2400000| Untracked 
|  37|0x00000006c2500000, 0x00000006c2500000, 0x00000006c2600000|  0%| F|  |TAMS 0x00000006c2500000, 0x00000006c2500000| Untracked 
|  38|0x00000006c2600000, 0x00000006c2600000, 0x00000006c2700000|  0%| F|  |TAMS 0x00000006c2600000, 0x00000006c2600000| Untracked 
|  39|0x00000006c2700000, 0x00000006c2700000, 0x00000006c2800000|  0%| F|  |TAMS 0x00000006c2700000, 0x00000006c2700000| Untracked 
|  40|0x00000006c2800000, 0x00000006c2800000, 0x00000006c2900000|  0%| F|  |TAMS 0x00000006c2800000, 0x00000006c2800000| Untracked 
|  41|0x00000006c2900000, 0x00000006c2900000, 0x00000006c2a00000|  0%| F|  |TAMS 0x00000006c2900000, 0x00000006c2900000| Untracked 
|  42|0x00000006c2a00000, 0x00000006c2a00000, 0x00000006c2b00000|  0%| F|  |TAMS 0x00000006c2a00000, 0x00000006c2a00000| Untracked 
|  43|0x00000006c2b00000, 0x00000006c2b00000, 0x00000006c2c00000|  0%| F|  |TAMS 0x00000006c2b00000, 0x00000006c2b00000| Untracked 
|  44|0x00000006c2c00000, 0x00000006c2c00000, 0x00000006c2d00000|  0%| F|  |TAMS 0x00000006c2c00000, 0x00000006c2c00000| Untracked 
|  45|0x00000006c2d00000, 0x00000006c2d00000, 0x00000006c2e00000|  0%| F|  |TAMS 0x00000006c2d00000, 0x00000006c2d00000| Untracked 
|  46|0x00000006c2e00000, 0x00000006c2e00000, 0x00000006c2f00000|  0%| F|  |TAMS 0x00000006c2e00000, 0x00000006c2e00000| Untracked 
|  47|0x00000006c2f00000, 0x00000006c2f00000, 0x00000006c3000000|  0%| F|  |TAMS 0x00000006c2f00000, 0x00000006c2f00000| Untracked 
|  48|0x00000006c3000000, 0x00000006c3000000, 0x00000006c3100000|  0%| F|  |TAMS 0x00000006c3000000, 0x00000006c3000000| Untracked 
|  49|0x00000006c3100000, 0x00000006c3100000, 0x00000006c3200000|  0%| F|  |TAMS 0x00000006c3100000, 0x00000006c3100000| Untracked 
|  50|0x00000006c3200000, 0x00000006c3200000, 0x00000006c3300000|  0%| F|  |TAMS 0x00000006c3200000, 0x00000006c3200000| Untracked 
|  51|0x00000006c3300000, 0x00000006c3300000, 0x00000006c3400000|  0%| F|  |TAMS 0x00000006c3300000, 0x00000006c3300000| Untracked 
|  52|0x00000006c3400000, 0x00000006c3400000, 0x00000006c3500000|  0%| F|  |TAMS 0x00000006c3400000, 0x00000006c3400000| Untracked 
|  53|0x00000006c3500000, 0x00000006c3500000, 0x00000006c3600000|  0%| F|  |TAMS 0x00000006c3500000, 0x00000006c3500000| Untracked 
|  54|0x00000006c3600000, 0x00000006c3600000, 0x00000006c3700000|  0%| F|  |TAMS 0x00000006c3600000, 0x00000006c3600000| Untracked 
|  55|0x00000006c3700000, 0x00000006c3700000, 0x00000006c3800000|  0%| F|  |TAMS 0x00000006c3700000, 0x00000006c3700000| Untracked 
|  56|0x00000006c3800000, 0x00000006c3800000, 0x00000006c3900000|  0%| F|  |TAMS 0x00000006c3800000, 0x00000006c3800000| Untracked 
|  57|0x00000006c3900000, 0x00000006c3900000, 0x00000006c3a00000|  0%| F|  |TAMS 0x00000006c3900000, 0x00000006c3900000| Untracked 
|  58|0x00000006c3a00000, 0x00000006c3a00000, 0x00000006c3b00000|  0%| F|  |TAMS 0x00000006c3a00000, 0x00000006c3a00000| Untracked 
|  59|0x00000006c3b00000, 0x00000006c3b00000, 0x00000006c3c00000|  0%| F|  |TAMS 0x00000006c3b00000, 0x00000006c3b00000| Untracked 
|  60|0x00000006c3c00000, 0x00000006c3c00000, 0x00000006c3d00000|  0%| F|  |TAMS 0x00000006c3c00000, 0x00000006c3c00000| Untracked 
|  61|0x00000006c3d00000, 0x00000006c3d00000, 0x00000006c3e00000|  0%| F|  |TAMS 0x00000006c3d00000, 0x00000006c3d00000| Untracked 
|  62|0x00000006c3e00000, 0x00000006c3e00000, 0x00000006c3f00000|  0%| F|  |TAMS 0x00000006c3e00000, 0x00000006c3e00000| Untracked 
|  63|0x00000006c3f00000, 0x00000006c3f00000, 0x00000006c4000000|  0%| F|  |TAMS 0x00000006c3f00000, 0x00000006c3f00000| Untracked 
|  64|0x00000006c4000000, 0x00000006c4000000, 0x00000006c4100000|  0%| F|  |TAMS 0x00000006c4000000, 0x00000006c4000000| Untracked 
|  65|0x00000006c4100000, 0x00000006c4100000, 0x00000006c4200000|  0%| F|  |TAMS 0x00000006c4100000, 0x00000006c4100000| Untracked 
|  66|0x00000006c4200000, 0x00000006c4200000, 0x00000006c4300000|  0%| F|  |TAMS 0x00000006c4200000, 0x00000006c4200000| Untracked 
|  67|0x00000006c4300000, 0x00000006c4300000, 0x00000006c4400000|  0%| F|  |TAMS 0x00000006c4300000, 0x00000006c4300000| Untracked 
|  68|0x00000006c4400000, 0x00000006c4400000, 0x00000006c4500000|  0%| F|  |TAMS 0x00000006c4400000, 0x00000006c4400000| Untracked 
|  69|0x00000006c4500000, 0x00000006c4500000, 0x00000006c4600000|  0%| F|  |TAMS 0x00000006c4500000, 0x00000006c4500000| Untracked 
|  70|0x00000006c4600000, 0x00000006c4600000, 0x00000006c4700000|  0%| F|  |TAMS 0x00000006c4600000, 0x00000006c4600000| Untracked 
|  71|0x00000006c4700000, 0x00000006c4700000, 0x00000006c4800000|  0%| F|  |TAMS 0x00000006c4700000, 0x00000006c4700000| Untracked 
|  72|0x00000006c4800000, 0x00000006c4800000, 0x00000006c4900000|  0%| F|  |TAMS 0x00000006c4800000, 0x00000006c4800000| Untracked 
|  73|0x00000006c4900000, 0x00000006c4900000, 0x00000006c4a00000|  0%| F|  |TAMS 0x00000006c4900000, 0x00000006c4900000| Untracked 
|  74|0x00000006c4a00000, 0x00000006c4a00000, 0x00000006c4b00000|  0%| F|  |TAMS 0x00000006c4a00000, 0x00000006c4a00000| Untracked 
|  75|0x00000006c4b00000, 0x00000006c4b00000, 0x00000006c4c00000|  0%| F|  |TAMS 0x00000006c4b00000, 0x00000006c4b00000| Untracked 
|  76|0x00000006c4c00000, 0x00000006c4c00000, 0x00000006c4d00000|  0%| F|  |TAMS 0x00000006c4c00000, 0x00000006c4c00000| Untracked 
|  77|0x00000006c4d00000, 0x00000006c4d00000, 0x00000006c4e00000|  0%| F|  |TAMS 0x00000006c4d00000, 0x00000006c4d00000| Untracked 
|  78|0x00000006c4e00000, 0x00000006c4e00000, 0x00000006c4f00000|  0%| F|  |TAMS 0x00000006c4e00000, 0x00000006c4e00000| Untracked 
|  79|0x00000006c4f00000, 0x00000006c4f00000, 0x00000006c5000000|  0%| F|  |TAMS 0x00000006c4f00000, 0x00000006c4f00000| Untracked 
|  80|0x00000006c5000000, 0x00000006c5000000, 0x00000006c5100000|  0%| F|  |TAMS 0x00000006c5000000, 0x00000006c5000000| Untracked 
|  81|0x00000006c5100000, 0x00000006c5100000, 0x00000006c5200000|  0%| F|  |TAMS 0x00000006c5100000, 0x00000006c5100000| Untracked 
|  82|0x00000006c5200000, 0x00000006c5200000, 0x00000006c5300000|  0%| F|  |TAMS 0x00000006c5200000, 0x00000006c5200000| Untracked 
|  83|0x00000006c5300000, 0x00000006c5300000, 0x00000006c5400000|  0%| F|  |TAMS 0x00000006c5300000, 0x00000006c5300000| Untracked 
|  84|0x00000006c5400000, 0x00000006c5400000, 0x00000006c5500000|  0%| F|  |TAMS 0x00000006c5400000, 0x00000006c5400000| Untracked 
|  85|0x00000006c5500000, 0x00000006c5500000, 0x00000006c5600000|  0%| F|  |TAMS 0x00000006c5500000, 0x00000006c5500000| Untracked 
|  86|0x00000006c5600000, 0x00000006c5600000, 0x00000006c5700000|  0%| F|  |TAMS 0x00000006c5600000, 0x00000006c5600000| Untracked 
|  87|0x00000006c5700000, 0x00000006c5700000, 0x00000006c5800000|  0%| F|  |TAMS 0x00000006c5700000, 0x00000006c5700000| Untracked 
|  88|0x00000006c5800000, 0x00000006c5800000, 0x00000006c5900000|  0%| F|  |TAMS 0x00000006c5800000, 0x00000006c5800000| Untracked 
|  89|0x00000006c5900000, 0x00000006c5900000, 0x00000006c5a00000|  0%| F|  |TAMS 0x00000006c5900000, 0x00000006c5900000| Untracked 
|  90|0x00000006c5a00000, 0x00000006c5a00000, 0x00000006c5b00000|  0%| F|  |TAMS 0x00000006c5a00000, 0x00000006c5a00000| Untracked 
|  91|0x00000006c5b00000, 0x00000006c5b00000, 0x00000006c5c00000|  0%| F|  |TAMS 0x00000006c5b00000, 0x00000006c5b00000| Untracked 
|  92|0x00000006c5c00000, 0x00000006c5c00000, 0x00000006c5d00000|  0%| F|  |TAMS 0x00000006c5c00000, 0x00000006c5c00000| Untracked 
|  93|0x00000006c5d00000, 0x00000006c5d00000, 0x00000006c5e00000|  0%| F|  |TAMS 0x00000006c5d00000, 0x00000006c5d00000| Untracked 
|  94|0x00000006c5e00000, 0x00000006c5e00000, 0x00000006c5f00000|  0%| F|  |TAMS 0x00000006c5e00000, 0x00000006c5e00000| Untracked 
|  95|0x00000006c5f00000, 0x00000006c5f00000, 0x00000006c6000000|  0%| F|  |TAMS 0x00000006c5f00000, 0x00000006c5f00000| Untracked 
|  96|0x00000006c6000000, 0x00000006c6000000, 0x00000006c6100000|  0%| F|  |TAMS 0x00000006c6000000, 0x00000006c6000000| Untracked 
|  97|0x00000006c6100000, 0x00000006c6100000, 0x00000006c6200000|  0%| F|  |TAMS 0x00000006c6100000, 0x00000006c6100000| Untracked 
|  98|0x00000006c6200000, 0x00000006c6200000, 0x00000006c6300000|  0%| F|  |TAMS 0x00000006c6200000, 0x00000006c6200000| Untracked 
|  99|0x00000006c6300000, 0x00000006c6300000, 0x00000006c6400000|  0%| F|  |TAMS 0x00000006c6300000, 0x00000006c6300000| Untracked 
| 100|0x00000006c6400000, 0x00000006c6400000, 0x00000006c6500000|  0%| F|  |TAMS 0x00000006c6400000, 0x00000006c6400000| Untracked 
| 101|0x00000006c6500000, 0x00000006c6500000, 0x00000006c6600000|  0%| F|  |TAMS 0x00000006c6500000, 0x00000006c6500000| Untracked 
| 102|0x00000006c6600000, 0x00000006c6600000, 0x00000006c6700000|  0%| F|  |TAMS 0x00000006c6600000, 0x00000006c6600000| Untracked 
| 103|0x00000006c6700000, 0x00000006c6700000, 0x00000006c6800000|  0%| F|  |TAMS 0x00000006c6700000, 0x00000006c6700000| Untracked 
| 104|0x00000006c6800000, 0x00000006c6800000, 0x00000006c6900000|  0%| F|  |TAMS 0x00000006c6800000, 0x00000006c6800000| Untracked 
| 105|0x00000006c6900000, 0x00000006c6900000, 0x00000006c6a00000|  0%| F|  |TAMS 0x00000006c6900000, 0x00000006c6900000| Untracked 
| 106|0x00000006c6a00000, 0x00000006c6a00000, 0x00000006c6b00000|  0%| F|  |TAMS 0x00000006c6a00000, 0x00000006c6a00000| Untracked 
| 107|0x00000006c6b00000, 0x00000006c6b00000, 0x00000006c6c00000|  0%| F|  |TAMS 0x00000006c6b00000, 0x00000006c6b00000| Untracked 
| 108|0x00000006c6c00000, 0x00000006c6c00000, 0x00000006c6d00000|  0%| F|  |TAMS 0x00000006c6c00000, 0x00000006c6c00000| Untracked 
| 109|0x00000006c6d00000, 0x00000006c6d00000, 0x00000006c6e00000|  0%| F|  |TAMS 0x00000006c6d00000, 0x00000006c6d00000| Untracked 
| 110|0x00000006c6e00000, 0x00000006c6e00000, 0x00000006c6f00000|  0%| F|  |TAMS 0x00000006c6e00000, 0x00000006c6e00000| Untracked 
| 111|0x00000006c6f00000, 0x00000006c6f00000, 0x00000006c7000000|  0%| F|  |TAMS 0x00000006c6f00000, 0x00000006c6f00000| Untracked 
| 112|0x00000006c7000000, 0x00000006c7000000, 0x00000006c7100000|  0%| F|  |TAMS 0x00000006c7000000, 0x00000006c7000000| Untracked 
| 113|0x00000006c7100000, 0x00000006c7100000, 0x00000006c7200000|  0%| F|  |TAMS 0x00000006c7100000, 0x00000006c7100000| Untracked 
| 114|0x00000006c7200000, 0x00000006c7200000, 0x00000006c7300000|  0%| F|  |TAMS 0x00000006c7200000, 0x00000006c7200000| Untracked 
| 115|0x00000006c7300000, 0x00000006c7300000, 0x00000006c7400000|  0%| F|  |TAMS 0x00000006c7300000, 0x00000006c7300000| Untracked 
| 116|0x00000006c7400000, 0x00000006c7400000, 0x00000006c7500000|  0%| F|  |TAMS 0x00000006c7400000, 0x00000006c7400000| Untracked 
| 117|0x00000006c7500000, 0x00000006c7500000, 0x00000006c7600000|  0%| F|  |TAMS 0x00000006c7500000, 0x00000006c7500000| Untracked 
| 118|0x00000006c7600000, 0x00000006c7600000, 0x00000006c7700000|  0%| F|  |TAMS 0x00000006c7600000, 0x00000006c7600000| Untracked 
| 119|0x00000006c7700000, 0x00000006c7700000, 0x00000006c7800000|  0%| F|  |TAMS 0x00000006c7700000, 0x00000006c7700000| Untracked 
| 120|0x00000006c7800000, 0x00000006c7800000, 0x00000006c7900000|  0%| F|  |TAMS 0x00000006c7800000, 0x00000006c7800000| Untracked 
| 121|0x00000006c7900000, 0x00000006c7900000, 0x00000006c7a00000|  0%| F|  |TAMS 0x00000006c7900000, 0x00000006c7900000| Untracked 
| 122|0x00000006c7a00000, 0x00000006c7a00000, 0x00000006c7b00000|  0%| F|  |TAMS 0x00000006c7a00000, 0x00000006c7a00000| Untracked 
| 123|0x00000006c7b00000, 0x00000006c7b00000, 0x00000006c7c00000|  0%| F|  |TAMS 0x00000006c7b00000, 0x00000006c7b00000| Untracked 
| 124|0x00000006c7c00000, 0x00000006c7c00000, 0x00000006c7d00000|  0%| F|  |TAMS 0x00000006c7c00000, 0x00000006c7c00000| Untracked 
| 125|0x00000006c7d00000, 0x00000006c7d00000, 0x00000006c7e00000|  0%| F|  |TAMS 0x00000006c7d00000, 0x00000006c7d00000| Untracked 
| 126|0x00000006c7e00000, 0x00000006c7e00000, 0x00000006c7f00000|  0%| F|  |TAMS 0x00000006c7e00000, 0x00000006c7e00000| Untracked 
| 127|0x00000006c7f00000, 0x00000006c7f00000, 0x00000006c8000000|  0%| F|  |TAMS 0x00000006c7f00000, 0x00000006c7f00000| Untracked 
| 128|0x00000006c8000000, 0x00000006c8000000, 0x00000006c8100000|  0%| F|  |TAMS 0x00000006c8000000, 0x00000006c8000000| Untracked 
| 129|0x00000006c8100000, 0x00000006c8100000, 0x00000006c8200000|  0%| F|  |TAMS 0x00000006c8100000, 0x00000006c8100000| Untracked 
| 130|0x00000006c8200000, 0x00000006c8200000, 0x00000006c8300000|  0%| F|  |TAMS 0x00000006c8200000, 0x00000006c8200000| Untracked 
| 131|0x00000006c8300000, 0x00000006c8300000, 0x00000006c8400000|  0%| F|  |TAMS 0x00000006c8300000, 0x00000006c8300000| Untracked 
| 132|0x00000006c8400000, 0x00000006c8400000, 0x00000006c8500000|  0%| F|  |TAMS 0x00000006c8400000, 0x00000006c8400000| Untracked 
| 133|0x00000006c8500000, 0x00000006c8500000, 0x00000006c8600000|  0%| F|  |TAMS 0x00000006c8500000, 0x00000006c8500000| Untracked 
| 134|0x00000006c8600000, 0x00000006c8600000, 0x00000006c8700000|  0%| F|  |TAMS 0x00000006c8600000, 0x00000006c8600000| Untracked 
| 135|0x00000006c8700000, 0x00000006c8700000, 0x00000006c8800000|  0%| F|  |TAMS 0x00000006c8700000, 0x00000006c8700000| Untracked 
| 136|0x00000006c8800000, 0x00000006c8800000, 0x00000006c8900000|  0%| F|  |TAMS 0x00000006c8800000, 0x00000006c8800000| Untracked 
| 137|0x00000006c8900000, 0x00000006c8900000, 0x00000006c8a00000|  0%| F|  |TAMS 0x00000006c8900000, 0x00000006c8900000| Untracked 
| 138|0x00000006c8a00000, 0x00000006c8a00000, 0x00000006c8b00000|  0%| F|  |TAMS 0x00000006c8a00000, 0x00000006c8a00000| Untracked 
| 139|0x00000006c8b00000, 0x00000006c8b00000, 0x00000006c8c00000|  0%| F|  |TAMS 0x00000006c8b00000, 0x00000006c8b00000| Untracked 
| 140|0x00000006c8c00000, 0x00000006c8c00000, 0x00000006c8d00000|  0%| F|  |TAMS 0x00000006c8c00000, 0x00000006c8c00000| Untracked 
| 141|0x00000006c8d00000, 0x00000006c8d00000, 0x00000006c8e00000|  0%| F|  |TAMS 0x00000006c8d00000, 0x00000006c8d00000| Untracked 
| 142|0x00000006c8e00000, 0x00000006c8e00000, 0x00000006c8f00000|  0%| F|  |TAMS 0x00000006c8e00000, 0x00000006c8e00000| Untracked 
| 143|0x00000006c8f00000, 0x00000006c8f00000, 0x00000006c9000000|  0%| F|  |TAMS 0x00000006c8f00000, 0x00000006c8f00000| Untracked 
| 144|0x00000006c9000000, 0x00000006c9000000, 0x00000006c9100000|  0%| F|  |TAMS 0x00000006c9000000, 0x00000006c9000000| Untracked 
| 145|0x00000006c9100000, 0x00000006c9100000, 0x00000006c9200000|  0%| F|  |TAMS 0x00000006c9100000, 0x00000006c9100000| Untracked 
| 146|0x00000006c9200000, 0x00000006c9200000, 0x00000006c9300000|  0%| F|  |TAMS 0x00000006c9200000, 0x00000006c9200000| Untracked 
| 147|0x00000006c9300000, 0x00000006c9300000, 0x00000006c9400000|  0%| F|  |TAMS 0x00000006c9300000, 0x00000006c9300000| Untracked 
| 148|0x00000006c9400000, 0x00000006c9400000, 0x00000006c9500000|  0%| F|  |TAMS 0x00000006c9400000, 0x00000006c9400000| Untracked 
| 149|0x00000006c9500000, 0x00000006c9500000, 0x00000006c9600000|  0%| F|  |TAMS 0x00000006c9500000, 0x00000006c9500000| Untracked 
| 150|0x00000006c9600000, 0x00000006c9600000, 0x00000006c9700000|  0%| F|  |TAMS 0x00000006c9600000, 0x00000006c9600000| Untracked 
| 151|0x00000006c9700000, 0x00000006c9700000, 0x00000006c9800000|  0%| F|  |TAMS 0x00000006c9700000, 0x00000006c9700000| Untracked 
| 152|0x00000006c9800000, 0x00000006c9800000, 0x00000006c9900000|  0%| F|  |TAMS 0x00000006c9800000, 0x00000006c9800000| Untracked 
| 153|0x00000006c9900000, 0x00000006c9900000, 0x00000006c9a00000|  0%| F|  |TAMS 0x00000006c9900000, 0x00000006c9900000| Untracked 
| 154|0x00000006c9a00000, 0x00000006c9a00000, 0x00000006c9b00000|  0%| F|  |TAMS 0x00000006c9a00000, 0x00000006c9a00000| Untracked 
| 155|0x00000006c9b00000, 0x00000006c9b00000, 0x00000006c9c00000|  0%| F|  |TAMS 0x00000006c9b00000, 0x00000006c9b00000| Untracked 
| 156|0x00000006c9c00000, 0x00000006c9c00000, 0x00000006c9d00000|  0%| F|  |TAMS 0x00000006c9c00000, 0x00000006c9c00000| Untracked 
| 157|0x00000006c9d00000, 0x00000006c9d00000, 0x00000006c9e00000|  0%| F|  |TAMS 0x00000006c9d00000, 0x00000006c9d00000| Untracked 
| 158|0x00000006c9e00000, 0x00000006c9e00000, 0x00000006c9f00000|  0%| F|  |TAMS 0x00000006c9e00000, 0x00000006c9e00000| Untracked 
| 159|0x00000006c9f00000, 0x00000006c9f00000, 0x00000006ca000000|  0%| F|  |TAMS 0x00000006c9f00000, 0x00000006c9f00000| Untracked 
| 160|0x00000006ca000000, 0x00000006ca000000, 0x00000006ca100000|  0%| F|  |TAMS 0x00000006ca000000, 0x00000006ca000000| Untracked 
| 161|0x00000006ca100000, 0x00000006ca100000, 0x00000006ca200000|  0%| F|  |TAMS 0x00000006ca100000, 0x00000006ca100000| Untracked 
| 162|0x00000006ca200000, 0x00000006ca200000, 0x00000006ca300000|  0%| F|  |TAMS 0x00000006ca200000, 0x00000006ca200000| Untracked 
| 163|0x00000006ca300000, 0x00000006ca300000, 0x00000006ca400000|  0%| F|  |TAMS 0x00000006ca300000, 0x00000006ca300000| Untracked 
| 164|0x00000006ca400000, 0x00000006ca400000, 0x00000006ca500000|  0%| F|  |TAMS 0x00000006ca400000, 0x00000006ca400000| Untracked 
| 165|0x00000006ca500000, 0x00000006ca500000, 0x00000006ca600000|  0%| F|  |TAMS 0x00000006ca500000, 0x00000006ca500000| Untracked 
| 166|0x00000006ca600000, 0x00000006ca600000, 0x00000006ca700000|  0%| F|  |TAMS 0x00000006ca600000, 0x00000006ca600000| Untracked 
| 167|0x00000006ca700000, 0x00000006ca700000, 0x00000006ca800000|  0%| F|  |TAMS 0x00000006ca700000, 0x00000006ca700000| Untracked 
| 168|0x00000006ca800000, 0x00000006ca800000, 0x00000006ca900000|  0%| F|  |TAMS 0x00000006ca800000, 0x00000006ca800000| Untracked 
| 169|0x00000006ca900000, 0x00000006ca900000, 0x00000006caa00000|  0%| F|  |TAMS 0x00000006ca900000, 0x00000006ca900000| Untracked 
| 170|0x00000006caa00000, 0x00000006caa00000, 0x00000006cab00000|  0%| F|  |TAMS 0x00000006caa00000, 0x00000006caa00000| Untracked 
| 171|0x00000006cab00000, 0x00000006cab00000, 0x00000006cac00000|  0%| F|  |TAMS 0x00000006cab00000, 0x00000006cab00000| Untracked 
| 172|0x00000006cac00000, 0x00000006cac00000, 0x00000006cad00000|  0%| F|  |TAMS 0x00000006cac00000, 0x00000006cac00000| Untracked 
| 173|0x00000006cad00000, 0x00000006cad00000, 0x00000006cae00000|  0%| F|  |TAMS 0x00000006cad00000, 0x00000006cad00000| Untracked 
| 174|0x00000006cae00000, 0x00000006cae00000, 0x00000006caf00000|  0%| F|  |TAMS 0x00000006cae00000, 0x00000006cae00000| Untracked 
| 175|0x00000006caf00000, 0x00000006caf00000, 0x00000006cb000000|  0%| F|  |TAMS 0x00000006caf00000, 0x00000006caf00000| Untracked 
| 176|0x00000006cb000000, 0x00000006cb000000, 0x00000006cb100000|  0%| F|  |TAMS 0x00000006cb000000, 0x00000006cb000000| Untracked 
| 177|0x00000006cb100000, 0x00000006cb100000, 0x00000006cb200000|  0%| F|  |TAMS 0x00000006cb100000, 0x00000006cb100000| Untracked 
| 178|0x00000006cb200000, 0x00000006cb200000, 0x00000006cb300000|  0%| F|  |TAMS 0x00000006cb200000, 0x00000006cb200000| Untracked 
| 179|0x00000006cb300000, 0x00000006cb300000, 0x00000006cb400000|  0%| F|  |TAMS 0x00000006cb300000, 0x00000006cb300000| Untracked 
| 180|0x00000006cb400000, 0x00000006cb400000, 0x00000006cb500000|  0%| F|  |TAMS 0x00000006cb400000, 0x00000006cb400000| Untracked 
| 181|0x00000006cb500000, 0x00000006cb500000, 0x00000006cb600000|  0%| F|  |TAMS 0x00000006cb500000, 0x00000006cb500000| Untracked 
| 182|0x00000006cb600000, 0x00000006cb600000, 0x00000006cb700000|  0%| F|  |TAMS 0x00000006cb600000, 0x00000006cb600000| Untracked 
| 183|0x00000006cb700000, 0x00000006cb700000, 0x00000006cb800000|  0%| F|  |TAMS 0x00000006cb700000, 0x00000006cb700000| Untracked 
| 184|0x00000006cb800000, 0x00000006cb800000, 0x00000006cb900000|  0%| F|  |TAMS 0x00000006cb800000, 0x00000006cb800000| Untracked 
| 185|0x00000006cb900000, 0x00000006cb900000, 0x00000006cba00000|  0%| F|  |TAMS 0x00000006cb900000, 0x00000006cb900000| Untracked 
| 186|0x00000006cba00000, 0x00000006cba00000, 0x00000006cbb00000|  0%| F|  |TAMS 0x00000006cba00000, 0x00000006cba00000| Untracked 
| 187|0x00000006cbb00000, 0x00000006cbb00000, 0x00000006cbc00000|  0%| F|  |TAMS 0x00000006cbb00000, 0x00000006cbb00000| Untracked 
| 188|0x00000006cbc00000, 0x00000006cbc00000, 0x00000006cbd00000|  0%| F|  |TAMS 0x00000006cbc00000, 0x00000006cbc00000| Untracked 
| 189|0x00000006cbd00000, 0x00000006cbd00000, 0x00000006cbe00000|  0%| F|  |TAMS 0x00000006cbd00000, 0x00000006cbd00000| Untracked 
| 190|0x00000006cbe00000, 0x00000006cbe00000, 0x00000006cbf00000|  0%| F|  |TAMS 0x00000006cbe00000, 0x00000006cbe00000| Untracked 
| 191|0x00000006cbf00000, 0x00000006cbf00000, 0x00000006cc000000|  0%| F|  |TAMS 0x00000006cbf00000, 0x00000006cbf00000| Untracked 
| 192|0x00000006cc000000, 0x00000006cc000000, 0x00000006cc100000|  0%| F|  |TAMS 0x00000006cc000000, 0x00000006cc000000| Untracked 
| 193|0x00000006cc100000, 0x00000006cc100000, 0x00000006cc200000|  0%| F|  |TAMS 0x00000006cc100000, 0x00000006cc100000| Untracked 
| 194|0x00000006cc200000, 0x00000006cc200000, 0x00000006cc300000|  0%| F|  |TAMS 0x00000006cc200000, 0x00000006cc200000| Untracked 
| 195|0x00000006cc300000, 0x00000006cc300000, 0x00000006cc400000|  0%| F|  |TAMS 0x00000006cc300000, 0x00000006cc300000| Untracked 
| 196|0x00000006cc400000, 0x00000006cc400000, 0x00000006cc500000|  0%| F|  |TAMS 0x00000006cc400000, 0x00000006cc400000| Untracked 
| 197|0x00000006cc500000, 0x00000006cc500000, 0x00000006cc600000|  0%| F|  |TAMS 0x00000006cc500000, 0x00000006cc500000| Untracked 
| 198|0x00000006cc600000, 0x00000006cc600000, 0x00000006cc700000|  0%| F|  |TAMS 0x00000006cc600000, 0x00000006cc600000| Untracked 
| 199|0x00000006cc700000, 0x00000006cc700000, 0x00000006cc800000|  0%| F|  |TAMS 0x00000006cc700000, 0x00000006cc700000| Untracked 
| 200|0x00000006cc800000, 0x00000006cc800000, 0x00000006cc900000|  0%| F|  |TAMS 0x00000006cc800000, 0x00000006cc800000| Untracked 
| 201|0x00000006cc900000, 0x00000006cc900000, 0x00000006cca00000|  0%| F|  |TAMS 0x00000006cc900000, 0x00000006cc900000| Untracked 
| 202|0x00000006cca00000, 0x00000006cca00000, 0x00000006ccb00000|  0%| F|  |TAMS 0x00000006cca00000, 0x00000006cca00000| Untracked 
| 203|0x00000006ccb00000, 0x00000006ccb00000, 0x00000006ccc00000|  0%| F|  |TAMS 0x00000006ccb00000, 0x00000006ccb00000| Untracked 
| 204|0x00000006ccc00000, 0x00000006ccc00000, 0x00000006ccd00000|  0%| F|  |TAMS 0x00000006ccc00000, 0x00000006ccc00000| Untracked 
| 205|0x00000006ccd00000, 0x00000006ccd00000, 0x00000006cce00000|  0%| F|  |TAMS 0x00000006ccd00000, 0x00000006ccd00000| Untracked 
| 206|0x00000006cce00000, 0x00000006cce00000, 0x00000006ccf00000|  0%| F|  |TAMS 0x00000006cce00000, 0x00000006cce00000| Untracked 
| 207|0x00000006ccf00000, 0x00000006ccf00000, 0x00000006cd000000|  0%| F|  |TAMS 0x00000006ccf00000, 0x00000006ccf00000| Untracked 
| 208|0x00000006cd000000, 0x00000006cd000000, 0x00000006cd100000|  0%| F|  |TAMS 0x00000006cd000000, 0x00000006cd000000| Untracked 
| 209|0x00000006cd100000, 0x00000006cd100000, 0x00000006cd200000|  0%| F|  |TAMS 0x00000006cd100000, 0x00000006cd100000| Untracked 
| 210|0x00000006cd200000, 0x00000006cd200000, 0x00000006cd300000|  0%| F|  |TAMS 0x00000006cd200000, 0x00000006cd200000| Untracked 
| 211|0x00000006cd300000, 0x00000006cd300000, 0x00000006cd400000|  0%| F|  |TAMS 0x00000006cd300000, 0x00000006cd300000| Untracked 
| 212|0x00000006cd400000, 0x00000006cd400000, 0x00000006cd500000|  0%| F|  |TAMS 0x00000006cd400000, 0x00000006cd400000| Untracked 
| 213|0x00000006cd500000, 0x00000006cd500000, 0x00000006cd600000|  0%| F|  |TAMS 0x00000006cd500000, 0x00000006cd500000| Untracked 
| 214|0x00000006cd600000, 0x00000006cd600000, 0x00000006cd700000|  0%| F|  |TAMS 0x00000006cd600000, 0x00000006cd600000| Untracked 
| 215|0x00000006cd700000, 0x00000006cd700000, 0x00000006cd800000|  0%| F|  |TAMS 0x00000006cd700000, 0x00000006cd700000| Untracked 
| 216|0x00000006cd800000, 0x00000006cd800000, 0x00000006cd900000|  0%| F|  |TAMS 0x00000006cd800000, 0x00000006cd800000| Untracked 
| 217|0x00000006cd900000, 0x00000006cd900000, 0x00000006cda00000|  0%| F|  |TAMS 0x00000006cd900000, 0x00000006cd900000| Untracked 
| 218|0x00000006cda00000, 0x00000006cda00000, 0x00000006cdb00000|  0%| F|  |TAMS 0x00000006cda00000, 0x00000006cda00000| Untracked 
| 219|0x00000006cdb00000, 0x00000006cdb00000, 0x00000006cdc00000|  0%| F|  |TAMS 0x00000006cdb00000, 0x00000006cdb00000| Untracked 
| 220|0x00000006cdc00000, 0x00000006cdc00000, 0x00000006cdd00000|  0%| F|  |TAMS 0x00000006cdc00000, 0x00000006cdc00000| Untracked 
| 221|0x00000006cdd00000, 0x00000006cdd00000, 0x00000006cde00000|  0%| F|  |TAMS 0x00000006cdd00000, 0x00000006cdd00000| Untracked 
| 222|0x00000006cde00000, 0x00000006cde00000, 0x00000006cdf00000|  0%| F|  |TAMS 0x00000006cde00000, 0x00000006cde00000| Untracked 
| 223|0x00000006cdf00000, 0x00000006cdf00000, 0x00000006ce000000|  0%| F|  |TAMS 0x00000006cdf00000, 0x00000006cdf00000| Untracked 
| 224|0x00000006ce000000, 0x00000006ce000000, 0x00000006ce100000|  0%| F|  |TAMS 0x00000006ce000000, 0x00000006ce000000| Untracked 
| 225|0x00000006ce100000, 0x00000006ce100000, 0x00000006ce200000|  0%| F|  |TAMS 0x00000006ce100000, 0x00000006ce100000| Untracked 
| 226|0x00000006ce200000, 0x00000006ce200000, 0x00000006ce300000|  0%| F|  |TAMS 0x00000006ce200000, 0x00000006ce200000| Untracked 
| 227|0x00000006ce300000, 0x00000006ce300000, 0x00000006ce400000|  0%| F|  |TAMS 0x00000006ce300000, 0x00000006ce300000| Untracked 
| 228|0x00000006ce400000, 0x00000006ce400000, 0x00000006ce500000|  0%| F|  |TAMS 0x00000006ce400000, 0x00000006ce400000| Untracked 
| 229|0x00000006ce500000, 0x00000006ce500000, 0x00000006ce600000|  0%| F|  |TAMS 0x00000006ce500000, 0x00000006ce500000| Untracked 
| 230|0x00000006ce600000, 0x00000006ce600000, 0x00000006ce700000|  0%| F|  |TAMS 0x00000006ce600000, 0x00000006ce600000| Untracked 
| 231|0x00000006ce700000, 0x00000006ce700000, 0x00000006ce800000|  0%| F|  |TAMS 0x00000006ce700000, 0x00000006ce700000| Untracked 
| 232|0x00000006ce800000, 0x00000006ce800000, 0x00000006ce900000|  0%| F|  |TAMS 0x00000006ce800000, 0x00000006ce800000| Untracked 
| 233|0x00000006ce900000, 0x00000006ce900000, 0x00000006cea00000|  0%| F|  |TAMS 0x00000006ce900000, 0x00000006ce900000| Untracked 
| 234|0x00000006cea00000, 0x00000006cea00000, 0x00000006ceb00000|  0%| F|  |TAMS 0x00000006cea00000, 0x00000006cea00000| Untracked 
| 235|0x00000006ceb00000, 0x00000006ceb00000, 0x00000006cec00000|  0%| F|  |TAMS 0x00000006ceb00000, 0x00000006ceb00000| Untracked 
| 236|0x00000006cec00000, 0x00000006cec00000, 0x00000006ced00000|  0%| F|  |TAMS 0x00000006cec00000, 0x00000006cec00000| Untracked 
| 237|0x00000006ced00000, 0x00000006ced00000, 0x00000006cee00000|  0%| F|  |TAMS 0x00000006ced00000, 0x00000006ced00000| Untracked 
| 238|0x00000006cee00000, 0x00000006cee00000, 0x00000006cef00000|  0%| F|  |TAMS 0x00000006cee00000, 0x00000006cee00000| Untracked 
| 239|0x00000006cef00000, 0x00000006cef00000, 0x00000006cf000000|  0%| F|  |TAMS 0x00000006cef00000, 0x00000006cef00000| Untracked 
| 240|0x00000006cf000000, 0x00000006cf000000, 0x00000006cf100000|  0%| F|  |TAMS 0x00000006cf000000, 0x00000006cf000000| Untracked 
| 241|0x00000006cf100000, 0x00000006cf100000, 0x00000006cf200000|  0%| F|  |TAMS 0x00000006cf100000, 0x00000006cf100000| Untracked 
| 242|0x00000006cf200000, 0x00000006cf2f6488, 0x00000006cf300000| 96%| E|  |TAMS 0x00000006cf200000, 0x00000006cf200000| Complete 
| 243|0x00000006cf300000, 0x00000006cf400000, 0x00000006cf400000|100%| E|CS|TAMS 0x00000006cf300000, 0x00000006cf300000| Complete 
| 244|0x00000006cf400000, 0x00000006cf500000, 0x00000006cf500000|100%| E|  |TAMS 0x00000006cf400000, 0x00000006cf400000| Complete 
| 245|0x00000006cf500000, 0x00000006cf600000, 0x00000006cf600000|100%| E|CS|TAMS 0x00000006cf500000, 0x00000006cf500000| Complete 
| 246|0x00000006cf600000, 0x00000006cf700000, 0x00000006cf700000|100%| E|CS|TAMS 0x00000006cf600000, 0x00000006cf600000| Complete 
| 247|0x00000006cf700000, 0x00000006cf800000, 0x00000006cf800000|100%| E|CS|TAMS 0x00000006cf700000, 0x00000006cf700000| Complete 
| 248|0x00000006cf800000, 0x00000006cf900000, 0x00000006cf900000|100%| E|CS|TAMS 0x00000006cf800000, 0x00000006cf800000| Complete 
| 249|0x00000006cf900000, 0x00000006cfa00000, 0x00000006cfa00000|100%| E|CS|TAMS 0x00000006cf900000, 0x00000006cf900000| Complete 
| 250|0x00000006cfa00000, 0x00000006cfb00000, 0x00000006cfb00000|100%| E|CS|TAMS 0x00000006cfa00000, 0x00000006cfa00000| Complete 
| 251|0x00000006cfb00000, 0x00000006cfc00000, 0x00000006cfc00000|100%| E|CS|TAMS 0x00000006cfb00000, 0x00000006cfb00000| Complete 
| 252|0x00000006cfc00000, 0x00000006cfd00000, 0x00000006cfd00000|100%| E|CS|TAMS 0x00000006cfc00000, 0x00000006cfc00000| Complete 
| 253|0x00000006cfd00000, 0x00000006cfe00000, 0x00000006cfe00000|100%| E|CS|TAMS 0x00000006cfd00000, 0x00000006cfd00000| Complete 
| 254|0x00000006cfe00000, 0x00000006cff00000, 0x00000006cff00000|100%| E|CS|TAMS 0x00000006cfe00000, 0x00000006cfe00000| Complete 
| 255|0x00000006cff00000, 0x00000006d0000000, 0x00000006d0000000|100%| E|CS|TAMS 0x00000006cff00000, 0x00000006cff00000| Complete 

Card table byte_map: [0x0000000118c68000,0x0000000119468000] _byte_map_base: 0x0000000115668000

Marking Bits (Prev, Next): (CMBitMap*) 0x000000014203ce18, (CMBitMap*) 0x000000014203ce50
 Prev Bits: [0x0000000119c68000, 0x000000011dc68000)
 Next Bits: [0x000000011dc68000, 0x0000000121c68000)

Polling page: 0x0000000100c78000

Metaspace:

Usage:
  Non-class:      4.91 MB capacity,     4.76 MB ( 97%) used,   149.38 KB (  3%) free+waste,     1.50 KB ( <1%) overhead. 
      Class:    462.00 KB capacity,   439.90 KB ( 95%) used,    21.48 KB (  5%) free+waste,   640 bytes ( <1%) overhead. 
       Both:      5.36 MB capacity,     5.19 MB ( 97%) used,   170.85 KB (  3%) free+waste,     2.12 KB ( <1%) overhead. 

Virtual space:
  Non-class space:        8.00 MB reserved,       5.00 MB ( 62%) committed 
      Class space:        1.00 GB reserved,     512.00 KB ( <1%) committed 
             Both:        1.01 GB reserved,       5.50 MB ( <1%) committed 

Chunk freelists:
   Non-Class:  3.50 KB
       Class:  2.25 KB
        Both:  5.75 KB

CodeHeap 'non-profiled nmethods': size=120032Kb used=106Kb max_used=106Kb free=119925Kb
 bounds [0x0000000111730000, 0x00000001119a0000, 0x0000000118c68000]
CodeHeap 'profiled nmethods': size=120016Kb used=818Kb max_used=818Kb free=119197Kb
 bounds [0x000000010a1fc000, 0x000000010a46c000, 0x0000000111730000]
CodeHeap 'non-nmethods': size=5712Kb used=958Kb max_used=987Kb free=4753Kb
 bounds [0x0000000109c68000, 0x0000000109ed8000, 0x000000010a1fc000]
 total_blobs=697 nmethods=409 adapters=204
 compilation: enabled
              stopped_count=0, restarted_count=0
 full_count=0

Compilation events (10 events):
Event: 0.101 Thread 0x000000014214e000 nmethod 406 0x000000010a2c5a90 code [0x000000010a2c5d00, 0x000000010a2c6590]
Event: 0.101 Thread 0x000000014214e000  408       3       java.util.jar.JarFile$1::apply (9 bytes)
Event: 0.101 Thread 0x000000014214e000 nmethod 408 0x000000010a2c6910 code [0x000000010a2c6b00, 0x000000010a2c7080]
Event: 0.101 Thread 0x000000014214e000  409       3       java.util.jar.JarFile$1::apply (13 bytes)
Event: 0.101 Thread 0x000000014214e000 nmethod 409 0x000000010a2c7210 code [0x000000010a2c73c0, 0x000000010a2c77c0]
Event: 0.102 Thread 0x000000014214e000  410       3       java.lang.AbstractStringBuilder::append (55 bytes)
Event: 0.102 Thread 0x0000000142145800  411       4       java.util.zip.ZipFile$Source::getEntryPos (206 bytes)
Event: 0.102 Thread 0x000000014214e000 nmethod 410 0x000000010a2c7910 code [0x000000010a2c7b00, 0x000000010a2c7f50]
Event: 0.103 Thread 0x000000014214e000  413       3       java.io.File::exists (43 bytes)
Event: 0.103 Thread 0x000000014214e000 nmethod 413 0x000000010a2c8090 code [0x000000010a2c8280, 0x000000010a2c8720]

GC Heap History (0 events):
No events

Deoptimization events (6 events):
Event: 0.037 Thread 0x0000000142008800 Uncommon trap: reason=unstable_if action=reinterpret pc=0x00000001117364b4 method=java.lang.String.hashCode()I @ 14 c2
Event: 0.039 Thread 0x0000000142008800 Uncommon trap: reason=unstable_if action=reinterpret pc=0x00000001117335e8 method=java.lang.StringLatin1.indexOf([BII)I @ 47 c2
Event: 0.040 Thread 0x0000000142008800 Uncommon trap: reason=unstable_if action=reinterpret pc=0x000000011173244c method=java.lang.StringLatin1.indexOf([BII)I @ 47 c2
Event: 0.091 Thread 0x0000000142008800 Uncommon trap: reason=unstable_if action=reinterpret pc=0x0000000111742590 method=java.util.jar.Manifest$FastInputStream.readLine([BII)I @ 106 c2
Event: 0.091 Thread 0x0000000142008800 Uncommon trap: reason=unstable_if action=reinterpret pc=0x0000000111740838 method=java.util.jar.Manifest$FastInputStream.readLine([BII)I @ 106 c2
Event: 0.095 Thread 0x0000000142008800 Uncommon trap: reason=unstable_if action=reinterpret pc=0x0000000111747364 method=java.util.jar.JarFile.match([B[B[B[B)I @ 52 c2

Classes redefined (0 events):
No events

Internal exceptions (0 events):
No events

Events (10 events):
Event: 0.102 loading class oracle/jdbc/driver/OracleConnection
Event: 0.102 loading class oracle/jdbc/driver/OracleConnection done
Event: 0.102 loading class oracle/jdbc/internal/ClientDataSupport
Event: 0.102 loading class oracle/jdbc/internal/ClientDataSupport done
Event: 0.103 loading class oracle/jdbc/OracleConnectionWrapper
Event: 0.103 loading class oracle/jdbc/OracleConnectionWrapper done
Event: 0.104 loading class java/lang/PublicMethods$Key
Event: 0.104 loading class java/lang/PublicMethods$Key done
Event: 0.104 loading class java/lang/Class$EnclosingMethodInfo
Event: 0.104 loading class java/lang/Class$EnclosingMethodInfo done


Dynamic libraries:
0x0000000100c24000 	/Library/Java/JavaVirtualMachines/jdk-11.0.16.1.jdk/Contents/Home/lib/jli/libjli.dylib
0x0000000197c7c000 	/System/Library/Frameworks/Cocoa.framework/Versions/A/Cocoa
0x0000000183e91000 	/System/Library/Frameworks/AppKit.framework/Versions/C/AppKit
0x00000001873a4000 	/System/Library/Frameworks/CoreData.framework/Versions/A/CoreData
0x00000001821ec000 	/System/Library/Frameworks/Foundation.framework/Versions/C/Foundation
0x000000018be01000 	/usr/lib/libSystem.B.dylib
0x0000000184d49000 	/System/Library/PrivateFrameworks/UIFoundation.framework/Versions/A/UIFoundation
0x0000000191e4e000 	/System/Library/PrivateFrameworks/RemoteViewServices.framework/Versions/A/RemoteViewServices
0x000000018a2c1000 	/System/Library/PrivateFrameworks/XCTTargetBootstrap.framework/Versions/A/XCTTargetBootstrap
0x000000018db41000 	/System/Library/PrivateFrameworks/InternationalSupport.framework/Versions/A/InternationalSupport
0x000000018dbca000 	/System/Library/PrivateFrameworks/UserActivity.framework/Versions/A/UserActivity
0x000000018d038000 	/usr/lib/libspindump.dylib
0x0000000184fba000 	/System/Library/Frameworks/UniformTypeIdentifiers.framework/Versions/A/UniformTypeIdentifiers
0x0000000188809000 	/usr/lib/libapp_launch_measurement.dylib
0x0000000187d2f000 	/System/Library/PrivateFrameworks/CoreAnalytics.framework/Versions/A/CoreAnalytics
0x000000018880c000 	/System/Library/PrivateFrameworks/CoreAutoLayout.framework/Versions/A/CoreAutoLayout
0x0000000189bb0000 	/System/Library/Frameworks/Metal.framework/Versions/A/Metal
0x000000018a929000 	/usr/lib/liblangid.dylib
0x000000018a2c6000 	/System/Library/PrivateFrameworks/CoreSVG.framework/Versions/A/CoreSVG
0x0000000186451000 	/System/Library/PrivateFrameworks/SkyLight.framework/Versions/A/SkyLight
0x000000018682a000 	/System/Library/Frameworks/CoreGraphics.framework/Versions/A/CoreGraphics
0x000000019251a000 	/System/Library/Frameworks/Accelerate.framework/Versions/A/Accelerate
0x000000018caaf000 	/System/Library/PrivateFrameworks/IconServices.framework/Versions/A/IconServices
0x0000000189b92000 	/System/Library/Frameworks/IOSurface.framework/Versions/A/IOSurface
0x0000000187d60000 	/usr/lib/libDiagnosticMessagesClient.dylib
0x000000018bd4a000 	/usr/lib/libz.1.dylib
0x0000000195a1d000 	/System/Library/Frameworks/ApplicationServices.framework/Versions/A/ApplicationServices
0x000000018a2a9000 	/System/Library/PrivateFrameworks/DFRFoundation.framework/Versions/A/DFRFoundation
0x0000000183721000 	/usr/lib/libicucore.A.dylib
0x000000018e9ee000 	/System/Library/Frameworks/AudioToolbox.framework/Versions/A/AudioToolbox
0x000000018db4d000 	/System/Library/PrivateFrameworks/DataDetectorsCore.framework/Versions/A/DataDetectorsCore
0x00000001a4554000 	/System/Library/PrivateFrameworks/TextInput.framework/Versions/A/TextInput
0x00000001863c6000 	/usr/lib/libMobileGestalt.dylib
0x0000000189f75000 	/System/Library/Frameworks/Carbon.framework/Versions/A/Frameworks/HIToolbox.framework/Versions/A/HIToolbox
0x00000001881e0000 	/System/Library/Frameworks/QuartzCore.framework/Versions/A/QuartzCore
0x00000001833a2000 	/System/Library/Frameworks/Security.framework/Versions/A/Security
0x0000000191e8e000 	/System/Library/Frameworks/Carbon.framework/Versions/A/Frameworks/SpeechRecognition.framework/Versions/A/SpeechRecognition
0x000000018855e000 	/System/Library/PrivateFrameworks/CoreUI.framework/Versions/A/CoreUI
0x0000000182c7e000 	/System/Library/Frameworks/CoreAudio.framework/Versions/A/CoreAudio
0x0000000187e54000 	/System/Library/Frameworks/DiskArbitration.framework/Versions/A/DiskArbitration
0x000000018d442000 	/System/Library/PrivateFrameworks/MultitouchSupport.framework/Versions/A/MultitouchSupport
0x00000001863c4000 	/usr/lib/libenergytrace.dylib
0x0000000183d59000 	/System/Library/Frameworks/IOKit.framework/Versions/A/IOKit
0x000000019227d000 	/System/Library/Frameworks/CoreServices.framework/Versions/A/CoreServices
0x0000000188799000 	/System/Library/PrivateFrameworks/PerformanceAnalysis.framework/Versions/A/PerformanceAnalysis
0x00000001e2997000 	/System/Library/Frameworks/OpenGL.framework/Versions/A/OpenGL
0x000000018b39c000 	/System/Library/PrivateFrameworks/MobileKeyBag.framework/Versions/A/MobileKeyBag
0x000000018111f000 	/usr/lib/libobjc.A.dylib
0x0000000186e38000 	/System/Library/Frameworks/ColorSync.framework/Versions/A/ColorSync
0x00000001812e8000 	/System/Library/Frameworks/CoreFoundation.framework/Versions/A/CoreFoundation
0x000000018a545000 	/System/Library/Frameworks/CoreImage.framework/Versions/A/CoreImage
0x0000000182aa2000 	/System/Library/Frameworks/CoreText.framework/Versions/A/CoreText
0x000000018a2f6000 	/System/Library/Frameworks/ImageIO.framework/Versions/A/ImageIO
0x000000018be07000 	/System/Library/PrivateFrameworks/SoftLinking.framework/Versions/A/SoftLinking
0x0000000188857000 	/usr/lib/libxml2.2.dylib
0x00000001811e2000 	/usr/lib/libc++.1.dylib
0x000000018c0a0000 	/usr/lib/libcompression.dylib
0x000000018da9d000 	/System/Library/PrivateFrameworks/TextureIO.framework/Versions/A/TextureIO
0x000000018c7c8000 	/usr/lib/libate.dylib
0x000000018bdfb000 	/usr/lib/system/libcache.dylib
0x000000018bdb9000 	/usr/lib/system/libcommonCrypto.dylib
0x000000018bde2000 	/usr/lib/system/libcompiler_rt.dylib
0x000000018bdd9000 	/usr/lib/system/libcopyfile.dylib
0x0000000181023000 	/usr/lib/system/libcorecrypto.dylib
0x00000001810d8000 	/usr/lib/system/libdispatch.dylib
0x00000001812a6000 	/usr/lib/system/libdyld.dylib
0x000000018bdf1000 	/usr/lib/system/libkeymgr.dylib
0x000000018bd94000 	/usr/lib/system/libmacho.dylib
0x000000018b484000 	/usr/lib/system/libquarantine.dylib
0x000000018bdee000 	/usr/lib/system/libremovefile.dylib
0x000000018641d000 	/usr/lib/system/libsystem_asl.dylib
0x0000000180fc5000 	/usr/lib/system/libsystem_blocks.dylib
0x0000000181160000 	/usr/lib/system/libsystem_c.dylib
0x000000018bde6000 	/usr/lib/system/libsystem_collections.dylib
0x000000018a919000 	/usr/lib/system/libsystem_configuration.dylib
0x0000000189b73000 	/usr/lib/system/libsystem_containermanager.dylib
0x000000018baf1000 	/usr/lib/system/libsystem_coreservices.dylib
0x00000001839d7000 	/usr/lib/system/libsystem_darwin.dylib
0x000000018bdf2000 	/usr/lib/system/libsystem_dnssd.dylib
0x000000018115d000 	/usr/lib/system/libsystem_featureflags.dylib
0x00000001812bb000 	/usr/lib/system/libsystem_info.dylib
0x000000018bd5c000 	/usr/lib/system/libsystem_m.dylib
0x00000001810ad000 	/usr/lib/system/libsystem_malloc.dylib
0x00000001863ab000 	/usr/lib/system/libsystem_networkextension.dylib
0x0000000183e30000 	/usr/lib/system/libsystem_notify.dylib
0x0000000192154000 	/usr/lib/system/libsystem_product_info_filter.dylib
0x000000018a91e000 	/usr/lib/system/libsystem_sandbox.dylib
0x000000018bdeb000 	/usr/lib/system/libsystem_secinit.dylib
0x0000000181261000 	/usr/lib/system/libsystem_kernel.dylib
0x00000001812b3000 	/usr/lib/system/libsystem_platform.dylib
0x0000000181299000 	/usr/lib/system/libsystem_pthread.dylib
0x0000000187b7d000 	/usr/lib/system/libsystem_symptoms.dylib
0x0000000181009000 	/usr/lib/system/libsystem_trace.dylib
0x000000018bdc6000 	/usr/lib/system/libunwind.dylib
0x0000000180fc7000 	/usr/lib/system/libxpc.dylib
0x0000000181249000 	/usr/lib/libc++abi.dylib
0x000000018bdd1000 	/usr/lib/liboah.dylib
0x000000018c68d000 	/usr/lib/liblzma.5.dylib
0x0000000181edf000 	/System/Library/Frameworks/SystemConfiguration.framework/Versions/A/SystemConfiguration
0x000000018be03000 	/usr/lib/libfakelink.dylib
0x0000000185ef6000 	/System/Library/Frameworks/CFNetwork.framework/Versions/A/CFNetwork
0x000000018bf49000 	/usr/lib/libarchive.2.dylib
0x000000018a925000 	/System/Library/PrivateFrameworks/AppleSystemInfo.framework/Versions/A/AppleSystemInfo
0x000000018b4af000 	/usr/lib/libbsm.0.dylib
0x0000000185463000 	/usr/lib/libnetwork.dylib
0x000000018bd9d000 	/usr/lib/system/libkxld.dylib
0x000000018b0c9000 	/System/Library/PrivateFrameworks/IOMobileFramebuffer.framework/Versions/A/IOMobileFramebuffer
0x0000000200cc5000 	/usr/lib/libCoreEntitlements.dylib
0x000000018bad3000 	/System/Library/PrivateFrameworks/AppleFSCompression.framework/Versions/A/AppleFSCompression
0x000000018b497000 	/usr/lib/libcoretls.dylib
0x000000018c6a6000 	/usr/lib/libcoretls_cfhelpers.dylib
0x000000018c09b000 	/usr/lib/libpam.2.dylib
0x0000000187794000 	/usr/lib/libsqlite3.dylib
0x000000018c70f000 	/usr/lib/libxar.1.dylib
0x000000018bae4000 	/usr/lib/libbz2.1.0.dylib
0x000000018be08000 	/usr/lib/libpcap.A.dylib
0x0000000187b74000 	/usr/lib/libdns_services.dylib
0x000000018c06e000 	/usr/lib/libapple_nghttp2.dylib
0x000000018be45000 	/usr/lib/libiconv.2.dylib
0x000000018bd93000 	/usr/lib/libcharset.1.dylib
0x00000001887d5000 	/System/Library/Frameworks/CoreServices.framework/Versions/A/Frameworks/FSEvents.framework/Versions/A/FSEvents
0x00000001839e2000 	/System/Library/Frameworks/CoreServices.framework/Versions/A/Frameworks/CarbonCore.framework/Versions/A/CarbonCore
0x0000000187db4000 	/System/Library/Frameworks/CoreServices.framework/Versions/A/Frameworks/Metadata.framework/Versions/A/Metadata
0x000000018baf7000 	/System/Library/Frameworks/CoreServices.framework/Versions/A/Frameworks/OSServices.framework/Versions/A/OSServices
0x000000018bfcf000 	/System/Library/Frameworks/CoreServices.framework/Versions/A/Frameworks/SearchKit.framework/Versions/A/SearchKit
0x0000000187b03000 	/System/Library/Frameworks/CoreServices.framework/Versions/A/Frameworks/AE.framework/Versions/A/AE
0x000000018182f000 	/System/Library/Frameworks/CoreServices.framework/Versions/A/Frameworks/LaunchServices.framework/Versions/A/LaunchServices
0x000000018c636000 	/System/Library/Frameworks/CoreServices.framework/Versions/A/Frameworks/DictionaryServices.framework/Versions/A/DictionaryServices
0x00000001887e2000 	/System/Library/Frameworks/CoreServices.framework/Versions/A/Frameworks/SharedFileList.framework/Versions/A/SharedFileList
0x000000018b487000 	/usr/lib/libCheckFix.dylib
0x0000000186435000 	/System/Library/PrivateFrameworks/TCC.framework/Versions/A/TCC
0x000000018a92b000 	/System/Library/PrivateFrameworks/CoreNLP.framework/Versions/A/CoreNLP
0x0000000187d63000 	/System/Library/PrivateFrameworks/MetadataUtilities.framework/Versions/A/MetadataUtilities
0x0000000181f99000 	/usr/lib/libmecabra.dylib
0x000000018b4c0000 	/usr/lib/libmecab.dylib
0x0000000181f65000 	/usr/lib/libCRFSuite.dylib
0x000000018b51d000 	/usr/lib/libgermantok.dylib
0x000000018c047000 	/usr/lib/libThaiTokenizer.dylib
0x0000000187e5c000 	/System/Library/Frameworks/Accelerate.framework/Versions/A/Frameworks/vImage.framework/Versions/A/vImage
0x0000000192254000 	/System/Library/Frameworks/Accelerate.framework/Versions/A/Frameworks/vecLib.framework/Versions/A/vecLib
0x000000018c754000 	/System/Library/Frameworks/Accelerate.framework/Versions/A/Frameworks/vecLib.framework/Versions/A/libvMisc.dylib
0x000000018afd0000 	/System/Library/Frameworks/Accelerate.framework/Versions/A/Frameworks/vecLib.framework/Versions/A/libvDSP.dylib
0x0000000181bba000 	/System/Library/Frameworks/Accelerate.framework/Versions/A/Frameworks/vecLib.framework/Versions/A/libBLAS.dylib
0x000000018c171000 	/System/Library/Frameworks/Accelerate.framework/Versions/A/Frameworks/vecLib.framework/Versions/A/libLAPACK.dylib
0x000000018b520000 	/System/Library/Frameworks/Accelerate.framework/Versions/A/Frameworks/vecLib.framework/Versions/A/libLinearAlgebra.dylib
0x000000018c086000 	/System/Library/Frameworks/Accelerate.framework/Versions/A/Frameworks/vecLib.framework/Versions/A/libSparseBLAS.dylib
0x000000018c16c000 	/System/Library/Frameworks/Accelerate.framework/Versions/A/Frameworks/vecLib.framework/Versions/A/libQuadrature.dylib
0x000000018aa24000 	/System/Library/Frameworks/Accelerate.framework/Versions/A/Frameworks/vecLib.framework/Versions/A/libBNNS.dylib
0x0000000181e78000 	/System/Library/Frameworks/Accelerate.framework/Versions/A/Frameworks/vecLib.framework/Versions/A/libSparse.dylib
0x000000018aa1c000 	/System/Library/PrivateFrameworks/LinguisticData.framework/Versions/A/LinguisticData
0x0000000181e30000 	/System/Library/PrivateFrameworks/Lexicon.framework/Versions/A/Lexicon
0x000000018c74c000 	/usr/lib/libChineseTokenizer.dylib
0x00000001825de000 	/System/Library/PrivateFrameworks/LanguageModeling.framework/Versions/A/LanguageModeling
0x000000018c049000 	/System/Library/PrivateFrameworks/AppleSauce.framework/Versions/A/AppleSauce
0x000000018b0b6000 	/System/Library/PrivateFrameworks/CoreEmoji.framework/Versions/A/CoreEmoji
0x000000018bf37000 	/usr/lib/libcmph.dylib
0x00000001887b5000 	/System/Library/Frameworks/OpenDirectory.framework/Versions/A/Frameworks/CFOpenDirectory.framework/Versions/A/CFOpenDirectory
0x00000001887a5000 	/System/Library/Frameworks/OpenDirectory.framework/Versions/A/OpenDirectory
0x000000018c6a8000 	/System/Library/PrivateFrameworks/APFS.framework/Versions/A/APFS
0x000000018b3d7000 	/System/Library/Frameworks/SecurityFoundation.framework/Versions/A/SecurityFoundation
0x000000018c71e000 	/usr/lib/libutil.dylib
0x0000000183d1b000 	/System/Library/PrivateFrameworks/CoreServicesStore.framework/Versions/A/CoreServicesStore
0x000000018c722000 	/usr/lib/libxslt.1.dylib
0x000000018b46b000 	/System/Library/PrivateFrameworks/BackgroundTaskManagement.framework/Versions/A/BackgroundTaskManagement
0x000000018d9be000 	/System/Library/Frameworks/ImageIO.framework/Versions/A/Resources/libRadiance.dylib
0x000000018d9c7000 	/System/Library/Frameworks/ImageIO.framework/Versions/A/Resources/libJPEG.dylib
0x000000018d91a000 	/System/Library/Frameworks/ImageIO.framework/Versions/A/Resources/libPng.dylib
0x000000018d93c000 	/System/Library/Frameworks/ImageIO.framework/Versions/A/Resources/libTIFF.dylib
0x000000018da22000 	/System/Library/Frameworks/ImageIO.framework/Versions/A/Resources/libGIF.dylib
0x000000018d352000 	/System/Library/Frameworks/ImageIO.framework/Versions/A/Resources/libJP2.dylib
0x000000018ca74000 	/usr/lib/libexpat.1.dylib
0x000000018d30d000 	/System/Library/PrivateFrameworks/AppleJPEG.framework/Versions/A/AppleJPEG
0x0000000189e31000 	/System/Library/PrivateFrameworks/FontServices.framework/libFontParser.dylib
0x0000000187aa8000 	/System/Library/PrivateFrameworks/RunningBoardServices.framework/Versions/A/RunningBoardServices
0x0000000198352000 	/System/Library/PrivateFrameworks/IOSurfaceAccelerator.framework/Versions/A/IOSurfaceAccelerator
0x000000018d43e000 	/System/Library/PrivateFrameworks/WatchdogClient.framework/Versions/A/WatchdogClient
0x00000001826de000 	/System/Library/Frameworks/CoreDisplay.framework/Versions/A/CoreDisplay
0x0000000189d1b000 	/System/Library/Frameworks/CoreMedia.framework/Versions/A/CoreMedia
0x0000000189ba6000 	/System/Library/PrivateFrameworks/IOAccelerator.framework/Versions/A/IOAccelerator
0x0000000188945000 	/System/Library/Frameworks/CoreVideo.framework/Versions/A/CoreVideo
0x000000018c099000 	/System/Library/Frameworks/MetalPerformanceShaders.framework/Versions/A/MetalPerformanceShaders
0x000000018d47d000 	/System/Library/Frameworks/VideoToolbox.framework/Versions/A/VideoToolbox
0x00000001879ec000 	/System/Library/PrivateFrameworks/BaseBoard.framework/Versions/A/BaseBoard
0x000000018777a000 	/System/Library/PrivateFrameworks/ProtocolBuffer.framework/Versions/A/ProtocolBuffer
0x000000018d9b9000 	/System/Library/PrivateFrameworks/GPUWrangler.framework/Versions/A/GPUWrangler
0x000000018d999000 	/System/Library/PrivateFrameworks/IOPresentment.framework/Versions/A/IOPresentment
0x000000018d9c1000 	/System/Library/PrivateFrameworks/DSExternalDisplay.framework/Versions/A/DSExternalDisplay
0x00000001e298a000 	/System/Library/Frameworks/OpenGL.framework/Versions/A/Libraries/libCoreFSCache.dylib
0x00000001ed7b4000 	/System/Library/PrivateFrameworks/GPUCompiler.framework/Versions/31001/Libraries/libGPUCompilerUtils.dylib
0x000000018da27000 	/System/Library/PrivateFrameworks/CMCaptureCore.framework/Versions/A/CMCaptureCore
0x000000018d025000 	/System/Library/PrivateFrameworks/AppServerSupport.framework/Versions/A/AppServerSupport
0x000000018f2ab000 	/System/Library/PrivateFrameworks/perfdata.framework/Versions/A/perfdata
0x00000001827fe000 	/System/Library/PrivateFrameworks/AudioToolboxCore.framework/Versions/A/AudioToolboxCore
0x0000000189cf4000 	/System/Library/PrivateFrameworks/caulk.framework/Versions/A/caulk
0x000000018eba0000 	/usr/lib/libAudioStatistics.dylib
0x00000001a0ba9000 	/System/Library/PrivateFrameworks/SystemPolicy.framework/Versions/A/SystemPolicy
0x000000018ee0c000 	/usr/lib/libSMC.dylib
0x0000000197b5a000 	/System/Library/Frameworks/CoreMIDI.framework/Versions/A/CoreMIDI
0x000000018d8e8000 	/usr/lib/libAudioToolboxUtility.dylib
0x000000019cd19000 	/System/Library/PrivateFrameworks/OSAServicesClient.framework/Versions/A/OSAServicesClient
0x000000018f2b8000 	/usr/lib/libperfcheck.dylib
0x00000001a16c8000 	/usr/lib/libmis.dylib
0x00000001e29ec000 	/System/Library/Frameworks/OpenGL.framework/Versions/A/Libraries/libGLU.dylib
0x00000001e29ab000 	/System/Library/Frameworks/OpenGL.framework/Versions/A/Libraries/libGFXShared.dylib
0x00000001e2b98000 	/System/Library/Frameworks/OpenGL.framework/Versions/A/Libraries/libGL.dylib
0x00000001e29b4000 	/System/Library/Frameworks/OpenGL.framework/Versions/A/Libraries/libGLImage.dylib
0x00000001e29a8000 	/System/Library/Frameworks/OpenGL.framework/Versions/A/Libraries/libCVMSPluginSupport.dylib
0x00000001e2991000 	/System/Library/Frameworks/OpenGL.framework/Versions/A/Libraries/libCoreVMClient.dylib
0x000000018a8a5000 	/System/Library/Frameworks/MetalPerformanceShaders.framework/Versions/A/Frameworks/MPSCore.framework/Versions/A/MPSCore
0x000000018ba46000 	/System/Library/Frameworks/MetalPerformanceShaders.framework/Versions/A/Frameworks/MPSImage.framework/Versions/A/MPSImage
0x000000018b535000 	/System/Library/Frameworks/MetalPerformanceShaders.framework/Versions/A/Frameworks/MPSNeuralNetwork.framework/Versions/A/MPSNeuralNetwork
0x000000018b96e000 	/System/Library/Frameworks/MetalPerformanceShaders.framework/Versions/A/Frameworks/MPSMatrix.framework/Versions/A/MPSMatrix
0x000000018b747000 	/System/Library/Frameworks/MetalPerformanceShaders.framework/Versions/A/Frameworks/MPSRayIntersector.framework/Versions/A/MPSRayIntersector
0x000000018b99f000 	/System/Library/Frameworks/MetalPerformanceShaders.framework/Versions/A/Frameworks/MPSNDArray.framework/Versions/A/MPSNDArray
0x00000001e5417000 	/System/Library/Frameworks/MetalPerformanceShaders.framework/Versions/A/Frameworks/MPSFunctions.framework/Versions/A/MPSFunctions
0x0000000181a90000 	/System/Library/PrivateFrameworks/MetalTools.framework/Versions/A/MetalTools
0x000000018a923000 	/System/Library/PrivateFrameworks/AggregateDictionary.framework/Versions/A/AggregateDictionary
0x000000018c859000 	/usr/lib/libIOReport.dylib
0x0000000196b77000 	/System/Library/PrivateFrameworks/ASEProcessing.framework/Versions/A/ASEProcessing
0x000000018cbce000 	/System/Library/PrivateFrameworks/FaceCore.framework/Versions/A/FaceCore
0x000000018cbc0000 	/System/Library/PrivateFrameworks/GraphVisualizer.framework/Versions/A/GraphVisualizer
0x00000001ed6cb000 	/System/Library/PrivateFrameworks/FontServices.framework/Versions/A/FontServices
0x000000018cfe1000 	/System/Library/PrivateFrameworks/OTSVG.framework/Versions/A/OTSVG
0x000000018850e000 	/System/Library/Frameworks/ApplicationServices.framework/Versions/A/Frameworks/ATS.framework/Versions/A/Resources/libFontRegistry.dylib
0x000000018d02e000 	/System/Library/PrivateFrameworks/FontServices.framework/libhvf.dylib
0x00000001ed6cc000 	/System/Library/PrivateFrameworks/FontServices.framework/libXTFontStaticRegistryData.dylib
0x00000001e2d39000 	/System/Library/Frameworks/OpenCL.framework/Versions/A/OpenCL
0x000000018ca28000 	/System/Library/PrivateFrameworks/AppleVA.framework/Versions/A/AppleVA
0x000000018ebc8000 	/System/Library/Frameworks/ApplicationServices.framework/Versions/A/Frameworks/ATS.framework/Versions/A/ATS
0x0000000186f37000 	/System/Library/Frameworks/ApplicationServices.framework/Versions/A/Frameworks/HIServices.framework/Versions/A/HIServices
0x000000018da31000 	/System/Library/Frameworks/ApplicationServices.framework/Versions/A/Frameworks/PrintCore.framework/Versions/A/PrintCore
0x000000018ef5f000 	/System/Library/Frameworks/ApplicationServices.framework/Versions/A/Frameworks/QD.framework/Versions/A/QD
0x000000018ef57000 	/System/Library/Frameworks/ApplicationServices.framework/Versions/A/Frameworks/ColorSyncLegacy.framework/Versions/A/ColorSyncLegacy
0x000000018ebb4000 	/System/Library/Frameworks/ApplicationServices.framework/Versions/A/Frameworks/SpeechSynthesis.framework/Versions/A/SpeechSynthesis
0x000000018d9f2000 	/System/Library/Frameworks/ApplicationServices.framework/Versions/A/Frameworks/ATSUI.framework/Versions/A/ATSUI
0x000000018eeec000 	/usr/lib/libcups.2.dylib
0x000000018f2c6000 	/System/Library/Frameworks/Kerberos.framework/Versions/A/Kerberos
0x000000018f2d7000 	/System/Library/Frameworks/GSS.framework/Versions/A/GSS
0x000000018ec38000 	/usr/lib/libresolv.9.dylib
0x000000018d03d000 	/System/Library/PrivateFrameworks/Heimdal.framework/Versions/A/Heimdal
0x0000000195dad000 	/System/Library/Frameworks/Kerberos.framework/Versions/A/Libraries/libHeimdalProxy.dylib
0x0000000187b86000 	/System/Library/Frameworks/Network.framework/Versions/A/Network
0x000000018ca8f000 	/usr/lib/libheimdal-asn1.dylib
0x000000018f327000 	/System/Library/PrivateFrameworks/CommonAuth.framework/Versions/A/CommonAuth
0x000000018eb2e000 	/System/Library/PrivateFrameworks/AudioSession.framework/Versions/A/AudioSession
0x000000018cb21000 	/System/Library/PrivateFrameworks/MediaExperience.framework/Versions/A/MediaExperience
0x000000018e9b4000 	/System/Library/PrivateFrameworks/AudioSession.framework/libSessionUtility.dylib
0x000000018ef6b000 	/System/Library/PrivateFrameworks/AudioResourceArbitration.framework/Versions/A/AudioResourceArbitration
0x0000000193131000 	/System/Library/PrivateFrameworks/PowerLog.framework/Versions/A/PowerLog
0x000000018ca99000 	/System/Library/PrivateFrameworks/IconFoundation.framework/Versions/A/IconFoundation
0x0000000191e7a000 	/System/Library/PrivateFrameworks/SpeechRecognitionCore.framework/Versions/A/SpeechRecognitionCore
0x0000000101a44000 	/Library/Java/JavaVirtualMachines/jdk-11.0.16.1.jdk/Contents/Home/lib/server/libjvm.dylib
0x0000000100c8c000 	/Library/Java/JavaVirtualMachines/jdk-11.0.16.1.jdk/Contents/Home/lib/libverify.dylib
0x0000000100cd8000 	/Library/Java/JavaVirtualMachines/jdk-11.0.16.1.jdk/Contents/Home/lib/libjava.dylib
0x0000000100ca4000 	/Library/Java/JavaVirtualMachines/jdk-11.0.16.1.jdk/Contents/Home/lib/libjimage.dylib
0x0000000100d4c000 	/Library/Java/JavaVirtualMachines/jdk-11.0.16.1.jdk/Contents/Home/lib/libzip.dylib
0x00000001018e0000 	/Library/Java/JavaVirtualMachines/jdk-11.0.16.1.jdk/Contents/Home/lib/libnio.dylib
0x0000000101920000 	/Library/Java/JavaVirtualMachines/jdk-11.0.16.1.jdk/Contents/Home/lib/libnet.dylib


VM Arguments:
jvm_args: -Dfile.encoding=UTF-8 
java_command: oracle.jdbc.driver.JavaToJavaConverter$201
java_class_path (initial): /Users/hungle/Downloads/cas-overlay-template-6.5/bin/main:/Users/hungle/Downloads/cas-overlay-template-6.5/bin/bootRunSources:/Users/hungle/.gradle/caches/modules-2/files-2.1/org.projectlombok/lombok/1.18.24/13a394eed5c4f9efb2a6d956e2086f1d81e857d9/lombok-1.18.24.jar:/Users/hungle/.gradle/caches/modules-2/files-2.1/org.apereo.cas/cas-server-support-json-service-registry/6.5.9/db6c16925bb3f4ea9abe44f833aac603169cd84a/cas-server-support-json-service-registry-6.5.9.jar:/Users/hungle/.gradle/caches/modules-2/files-2.1/org.apereo.cas/cas-server-support-gauth/6.5.9/8e1ab38bf02086235633fe1d58fb357bcfdcf5a9/cas-server-support-gauth-6.5.9.jar:/Users/hungle/.gradle/caches/modules-2/files-2.1/org.apereo.cas/cas-server-core-api-webflow/6.5.9/95855ffd08720f8240c35470729f0acd3366e8b5/cas-server-core-api-webflow-6.5.9.jar:/Users/hungle/.gradle/caches/modules-2/files-2.1/org.apereo.cas/cas-server-support-jdbc-drivers/6.5.9/4282a3e4e88b76804325c68621288011f54b09b5/cas-server-support-jdbc-drivers-6.5.9.jar:/Users/hungle/.gradle/caches/modules-2/files-2.1/org.apereo.cas/cas-server-core-api/6.5.9/8d2cfb72cb9b6ac45a465daeec5a4f7a3d3a603a/cas-server-core-api-6.5.9.jar:/Users/hungle/.gradle/caches/modules-2/files-2.1/org.apereo.cas/cas-server-core-api-logout/6.5.9/176d28b658cb07eaf16219b997efb6a686d9c7de/cas-server-core-api-logout-6.5.9.jar:/Users/hungle/.gradle/caches/modules-2/files-2.1/org.apereo.cas/cas-server-core-api-validation/6.5.9/8ad6b2fb43ffaf5f3c6199033adc59be9d28c2ef/cas-server-core-api-validation-6.5.9.jar:/Users/hungle/.gradle/caches/modules-2/files-2.1/org.apereo.cas/cas-server-core-api-services/6.5.9/1c7cbc057edf543d3c22a4067129e3cf459ae23a/cas-server-core-api-services-6.5.9.jar:/Users/hungle/.gradle/caches/modules-2/files-2.1/org.apereo.cas/cas-server-core-api-ticket/6.5.9/55800f152c0db84583fa476ce51779f86c4509ab/cas-server-core-api-ticket-6.5.9.jar:/Users/hungle/.gradle/caches/modules-2/files-2.1/org.apereo.cas/cas-server-core-api-authentica
Launcher Type: SUN_STANDARD

[Global flags]
     intx CICompilerCount                          = 4                                         {product} {ergonomic}
     uint ConcGCThreads                            = 2                                         {product} {ergonomic}
     uint G1ConcRefinementThreads                  = 8                                         {product} {ergonomic}
   size_t G1HeapRegionSize                         = 1048576                                   {product} {ergonomic}
    uintx GCDrainStackTargetSize                   = 64                                        {product} {ergonomic}
   size_t InitialHeapSize                          = 268435456                                 {product} {ergonomic}
   size_t MarkStackSize                            = 4194304                                   {product} {ergonomic}
   size_t MaxHeapSize                              = 4294967296                                {product} {ergonomic}
   size_t MaxNewSize                               = 2576351232                                {product} {ergonomic}
   size_t MinHeapDeltaBytes                        = 1048576                                   {product} {ergonomic}
    uintx NonNMethodCodeHeapSize                   = 5836492                                {pd product} {ergonomic}
    uintx NonProfiledCodeHeapSize                  = 122910874                              {pd product} {ergonomic}
    uintx ProfiledCodeHeapSize                     = 122910874                              {pd product} {ergonomic}
    uintx ReservedCodeCacheSize                    = 251658240                              {pd product} {ergonomic}
     bool SegmentedCodeCache                       = true                                      {product} {ergonomic}
     bool UseCompressedClassPointers               = true                                 {lp64_product} {ergonomic}
     bool UseCompressedOops                        = true                                 {lp64_product} {ergonomic}
     bool UseG1GC                                  = true                                      {product} {ergonomic}

Logging:
Log output configuration:
 #0: stdout all=warning uptime,level,tags
 #1: stderr all=off uptime,level,tags

Environment Variables:
PATH=/usr/bin:/bin:/usr/sbin:/sbin
SHELL=/bin/zsh

Signal Handlers:
SIGSEGV: [libjvm.dylib+0x680a60], sa_mask[0]=11111111011111110111111111111111, sa_flags=SA_ONSTACK|SA_RESTART|SA_SIGINFO
SIGBUS: [libjvm.dylib+0x680a60], sa_mask[0]=11111111011111110111111111111111, sa_flags=SA_RESTART|SA_SIGINFO
SIGFPE: [libjvm.dylib+0x680a60], sa_mask[0]=11111111011111110111111111111111, sa_flags=SA_RESTART|SA_SIGINFO
SIGPIPE: [libjvm.dylib+0x52e400], sa_mask[0]=11111111011111110111111111111111, sa_flags=SA_RESTART|SA_SIGINFO
SIGXFSZ: [libjvm.dylib+0x52e400], sa_mask[0]=11111111011111110111111111111111, sa_flags=SA_RESTART|SA_SIGINFO
SIGILL: [libjvm.dylib+0x680a60], sa_mask[0]=11111111011111110111111111111111, sa_flags=SA_RESTART|SA_SIGINFO
SIGUSR2: [libjvm.dylib+0x52ea00], sa_mask[0]=00100000000000000000000000000000, sa_flags=SA_RESTART|SA_SIGINFO
SIGHUP: [libjvm.dylib+0x52d0c0], sa_mask[0]=11111111011111110111111111111111, sa_flags=SA_RESTART|SA_SIGINFO
SIGINT: [libjvm.dylib+0x52d0c0], sa_mask[0]=11111111011111110111111111111111, sa_flags=SA_RESTART|SA_SIGINFO
SIGTERM: [libjvm.dylib+0x52d0c0], sa_mask[0]=11111111011111110111111111111111, sa_flags=SA_RESTART|SA_SIGINFO
SIGQUIT: [libjvm.dylib+0x52d0c0], sa_mask[0]=11111111011111110111111111111111, sa_flags=SA_RESTART|SA_SIGINFO


---------------  S Y S T E M  ---------------

OS:uname:Darwin 21.5.0 Darwin Kernel Version 21.5.0: Tue Apr 26 20:57:23 PDT 2022; root:xnu-8020.121.3~2/RELEASE_ARM64_T8110 arm64
rlimit: STACK 8176k, CORE 0k, NPROC 2666, NOFILE 10240, AS infinity, DATA infinity, FSIZE infinity
load average:2.01 1.97 1.81

CPU:total 8 (initial active 8) 0x61:0x0:0xda33d83d:0, simd, crc, lse

Memory: 16k page, physical 16777216k(151648k free)

vm_info: Java HotSpot(TM) 64-Bit Server VM (11.0.16.1+1-LTS-1) for bsd-aarch64 JRE (11.0.16.1+1-LTS-1), built on Aug 16 2022 00:49:27 by "mach5one" with gcc Apple LLVM 12.0.0 (clang-1200.0.32.29)

END.
